C:\USERS\MOCHANGMING\DOCUMENTS\VISUAL STUDIO 2010\PROJECTS\SHOCKWAVE\SHOCKWAVE\GSL\BUILD\DEBUG\GSL.LIB
C:\Users\mochangming\Documents\Visual Studio 2010\Projects\shockwave\shockwave\gsl\build\gsl.dir\Debug\absdev.obj
C:\Users\mochangming\Documents\Visual Studio 2010\Projects\shockwave\shockwave\gsl\build\gsl.dir\Debug\accel.obj
C:\Users\mochangming\Documents\Visual Studio 2010\Projects\shockwave\shockwave\gsl\build\gsl.dir\Debug\add.obj
C:\Users\mochangming\Documents\Visual Studio 2010\Projects\shockwave\shockwave\gsl\build\gsl.dir\Debug\add2d.obj
C:\Users\mochangming\Documents\Visual Studio 2010\Projects\shockwave\shockwave\gsl\build\gsl.dir\Debug\airy.obj
C:\Users\mochangming\Documents\Visual Studio 2010\Projects\shockwave\shockwave\gsl\build\gsl.dir\Debug\airy_der.obj
C:\Users\mochangming\Documents\Visual Studio 2010\Projects\shockwave\shockwave\gsl\build\gsl.dir\Debug\airy_zero.obj
C:\Users\mochangming\Documents\Visual Studio 2010\Projects\shockwave\shockwave\gsl\build\gsl.dir\Debug\akima.obj
C:\Users\mochangming\Documents\Visual Studio 2010\Projects\shockwave\shockwave\gsl\build\gsl.dir\Debug\alloc.obj
C:\Users\mochangming\Documents\Visual Studio 2010\Projects\shockwave\shockwave\gsl\build\gsl.dir\Debug\apply.obj
C:\Users\mochangming\Documents\Visual Studio 2010\Projects\shockwave\shockwave\gsl\build\gsl.dir\Debug\atanint.obj
C:\Users\mochangming\Documents\Visual Studio 2010\Projects\shockwave\shockwave\gsl\build\gsl.dir\Debug\avl.obj
C:\Users\mochangming\Documents\Visual Studio 2010\Projects\shockwave\shockwave\gsl\build\gsl.dir\Debug\balance.obj
C:\Users\mochangming\Documents\Visual Studio 2010\Projects\shockwave\shockwave\gsl\build\gsl.dir\Debug\balancemat.obj
C:\Users\mochangming\Documents\Visual Studio 2010\Projects\shockwave\shockwave\gsl\build\gsl.dir\Debug\bernoulli.obj
C:\Users\mochangming\Documents\Visual Studio 2010\Projects\shockwave\shockwave\gsl\build\gsl.dir\Debug\bessel.obj
C:\Users\mochangming\Documents\Visual Studio 2010\Projects\shockwave\shockwave\gsl\build\gsl.dir\Debug\bessel_amp_phase.obj
C:\Users\mochangming\Documents\Visual Studio 2010\Projects\shockwave\shockwave\gsl\build\gsl.dir\Debug\bessel_i.obj
C:\Users\mochangming\Documents\Visual Studio 2010\Projects\shockwave\shockwave\gsl\build\gsl.dir\Debug\bessel_I0.obj
C:\Users\mochangming\Documents\Visual Studio 2010\Projects\shockwave\shockwave\gsl\build\gsl.dir\Debug\bessel_I1.obj
C:\Users\mochangming\Documents\Visual Studio 2010\Projects\shockwave\shockwave\gsl\build\gsl.dir\Debug\bessel_In.obj
C:\Users\mochangming\Documents\Visual Studio 2010\Projects\shockwave\shockwave\gsl\build\gsl.dir\Debug\bessel_Inu.obj
C:\Users\mochangming\Documents\Visual Studio 2010\Projects\shockwave\shockwave\gsl\build\gsl.dir\Debug\bessel_j.obj
C:\Users\mochangming\Documents\Visual Studio 2010\Projects\shockwave\shockwave\gsl\build\gsl.dir\Debug\bessel_J0.obj
C:\Users\mochangming\Documents\Visual Studio 2010\Projects\shockwave\shockwave\gsl\build\gsl.dir\Debug\bessel_J1.obj
C:\Users\mochangming\Documents\Visual Studio 2010\Projects\shockwave\shockwave\gsl\build\gsl.dir\Debug\bessel_Jn.obj
C:\Users\mochangming\Documents\Visual Studio 2010\Projects\shockwave\shockwave\gsl\build\gsl.dir\Debug\bessel_Jnu.obj
C:\Users\mochangming\Documents\Visual Studio 2010\Projects\shockwave\shockwave\gsl\build\gsl.dir\Debug\bessel_k.obj
C:\Users\mochangming\Documents\Visual Studio 2010\Projects\shockwave\shockwave\gsl\build\gsl.dir\Debug\bessel_K0.obj
C:\Users\mochangming\Documents\Visual Studio 2010\Projects\shockwave\shockwave\gsl\build\gsl.dir\Debug\bessel_K1.obj
C:\Users\mochangming\Documents\Visual Studio 2010\Projects\shockwave\shockwave\gsl\build\gsl.dir\Debug\bessel_Kn.obj
C:\Users\mochangming\Documents\Visual Studio 2010\Projects\shockwave\shockwave\gsl\build\gsl.dir\Debug\bessel_Knu.obj
C:\Users\mochangming\Documents\Visual Studio 2010\Projects\shockwave\shockwave\gsl\build\gsl.dir\Debug\bessel_olver.obj
C:\Users\mochangming\Documents\Visual Studio 2010\Projects\shockwave\shockwave\gsl\build\gsl.dir\Debug\bessel_sequence.obj
C:\Users\mochangming\Documents\Visual Studio 2010\Projects\shockwave\shockwave\gsl\build\gsl.dir\Debug\bessel_temme.obj
C:\Users\mochangming\Documents\Visual Studio 2010\Projects\shockwave\shockwave\gsl\build\gsl.dir\Debug\bessel_y.obj
C:\Users\mochangming\Documents\Visual Studio 2010\Projects\shockwave\shockwave\gsl\build\gsl.dir\Debug\bessel_Y0.obj
C:\Users\mochangming\Documents\Visual Studio 2010\Projects\shockwave\shockwave\gsl\build\gsl.dir\Debug\bessel_Y1.obj
C:\Users\mochangming\Documents\Visual Studio 2010\Projects\shockwave\shockwave\gsl\build\gsl.dir\Debug\bessel_Yn.obj
C:\Users\mochangming\Documents\Visual Studio 2010\Projects\shockwave\shockwave\gsl\build\gsl.dir\Debug\bessel_Ynu.obj
C:\Users\mochangming\Documents\Visual Studio 2010\Projects\shockwave\shockwave\gsl\build\gsl.dir\Debug\bessel_zero.obj
C:\Users\mochangming\Documents\Visual Studio 2010\Projects\shockwave\shockwave\gsl\build\gsl.dir\Debug\beta_inc.obj
C:\Users\mochangming\Documents\Visual Studio 2010\Projects\shockwave\shockwave\gsl\build\gsl.dir\Debug\betainv.obj
C:\Users\mochangming\Documents\Visual Studio 2010\Projects\shockwave\shockwave\gsl\build\gsl.dir\Debug\bicubic.obj
C:\Users\mochangming\Documents\Visual Studio 2010\Projects\shockwave\shockwave\gsl\build\gsl.dir\Debug\bidiag.obj
C:\Users\mochangming\Documents\Visual Studio 2010\Projects\shockwave\shockwave\gsl\build\gsl.dir\Debug\bigauss.obj
C:\Users\mochangming\Documents\Visual Studio 2010\Projects\shockwave\shockwave\gsl\build\gsl.dir\Debug\bilinear.obj
C:\Users\mochangming\Documents\Visual Studio 2010\Projects\shockwave\shockwave\gsl\build\gsl.dir\Debug\binomial_tpe.obj
C:\Users\mochangming\Documents\Visual Studio 2010\Projects\shockwave\shockwave\gsl\build\gsl.dir\Debug\bisection.obj
C:\Users\mochangming\Documents\Visual Studio 2010\Projects\shockwave\shockwave\gsl\build\gsl.dir\Debug\blas.obj
C:\Users\mochangming\Documents\Visual Studio 2010\Projects\shockwave\shockwave\gsl\build\gsl.dir\Debug\block.obj
C:\USERS\MOCHANGMING\DOCUMENTS\VISUAL STUDIO 2010\PROJECTS\SHOCKWAVE\SHOCKWAVE\GSL\BUILD\GSL.DIR\DEBUG\BLOCK\FILE.C.OBJ
C:\USERS\MOCHANGMING\DOCUMENTS\VISUAL STUDIO 2010\PROJECTS\SHOCKWAVE\SHOCKWAVE\GSL\BUILD\GSL.DIR\DEBUG\BLOCK\INIT.C.OBJ
C:\Users\mochangming\Documents\Visual Studio 2010\Projects\shockwave\shockwave\gsl\build\gsl.dir\Debug\borosh13.obj
C:\Users\mochangming\Documents\Visual Studio 2010\Projects\shockwave\shockwave\gsl\build\gsl.dir\Debug\bracketing.obj
C:\Users\mochangming\Documents\Visual Studio 2010\Projects\shockwave\shockwave\gsl\build\gsl.dir\Debug\broyden.obj
C:\USERS\MOCHANGMING\DOCUMENTS\VISUAL STUDIO 2010\PROJECTS\SHOCKWAVE\SHOCKWAVE\GSL\BUILD\GSL.DIR\DEBUG\BSPLINE\BSPLINE.C.OBJ
C:\Users\mochangming\Documents\Visual Studio 2010\Projects\shockwave\shockwave\gsl\build\gsl.dir\Debug\bst.obj
C:\Users\mochangming\Documents\Visual Studio 2010\Projects\shockwave\shockwave\gsl\build\gsl.dir\Debug\calloc_range.obj
C:\Users\mochangming\Documents\Visual Studio 2010\Projects\shockwave\shockwave\gsl\build\gsl.dir\Debug\calloc_range2d.obj
C:\Users\mochangming\Documents\Visual Studio 2010\Projects\shockwave\shockwave\gsl\build\gsl.dir\Debug\canonical.obj
C:\Users\mochangming\Documents\Visual Studio 2010\Projects\shockwave\shockwave\gsl\build\gsl.dir\Debug\cauchyinv.obj
C:\USERS\MOCHANGMING\DOCUMENTS\VISUAL STUDIO 2010\PROJECTS\SHOCKWAVE\SHOCKWAVE\GSL\BUILD\GSL.DIR\DEBUG\CDF\BETA.C.OBJ
C:\USERS\MOCHANGMING\DOCUMENTS\VISUAL STUDIO 2010\PROJECTS\SHOCKWAVE\SHOCKWAVE\GSL\BUILD\GSL.DIR\DEBUG\CDF\BINOMIAL.C.OBJ
C:\USERS\MOCHANGMING\DOCUMENTS\VISUAL STUDIO 2010\PROJECTS\SHOCKWAVE\SHOCKWAVE\GSL\BUILD\GSL.DIR\DEBUG\CDF\CAUCHY.C.OBJ
C:\USERS\MOCHANGMING\DOCUMENTS\VISUAL STUDIO 2010\PROJECTS\SHOCKWAVE\SHOCKWAVE\GSL\BUILD\GSL.DIR\DEBUG\CDF\CHISQ.C.OBJ
C:\USERS\MOCHANGMING\DOCUMENTS\VISUAL STUDIO 2010\PROJECTS\SHOCKWAVE\SHOCKWAVE\GSL\BUILD\GSL.DIR\DEBUG\CDF\EXPONENTIAL.C.OBJ
C:\USERS\MOCHANGMING\DOCUMENTS\VISUAL STUDIO 2010\PROJECTS\SHOCKWAVE\SHOCKWAVE\GSL\BUILD\GSL.DIR\DEBUG\CDF\EXPPOW.C.OBJ
C:\USERS\MOCHANGMING\DOCUMENTS\VISUAL STUDIO 2010\PROJECTS\SHOCKWAVE\SHOCKWAVE\GSL\BUILD\GSL.DIR\DEBUG\CDF\FDIST.C.OBJ
C:\USERS\MOCHANGMING\DOCUMENTS\VISUAL STUDIO 2010\PROJECTS\SHOCKWAVE\SHOCKWAVE\GSL\BUILD\GSL.DIR\DEBUG\CDF\FLAT.C.OBJ
C:\USERS\MOCHANGMING\DOCUMENTS\VISUAL STUDIO 2010\PROJECTS\SHOCKWAVE\SHOCKWAVE\GSL\BUILD\GSL.DIR\DEBUG\CDF\GAMMA.C.OBJ
C:\USERS\MOCHANGMING\DOCUMENTS\VISUAL STUDIO 2010\PROJECTS\SHOCKWAVE\SHOCKWAVE\GSL\BUILD\GSL.DIR\DEBUG\CDF\GAUSS.C.OBJ
C:\USERS\MOCHANGMING\DOCUMENTS\VISUAL STUDIO 2010\PROJECTS\SHOCKWAVE\SHOCKWAVE\GSL\BUILD\GSL.DIR\DEBUG\CDF\GEOMETRIC.C.OBJ
C:\USERS\MOCHANGMING\DOCUMENTS\VISUAL STUDIO 2010\PROJECTS\SHOCKWAVE\SHOCKWAVE\GSL\BUILD\GSL.DIR\DEBUG\CDF\LAPLACE.C.OBJ
C:\USERS\MOCHANGMING\DOCUMENTS\VISUAL STUDIO 2010\PROJECTS\SHOCKWAVE\SHOCKWAVE\GSL\BUILD\GSL.DIR\DEBUG\CDF\LOGISTIC.C.OBJ
C:\USERS\MOCHANGMING\DOCUMENTS\VISUAL STUDIO 2010\PROJECTS\SHOCKWAVE\SHOCKWAVE\GSL\BUILD\GSL.DIR\DEBUG\CDF\LOGNORMAL.C.OBJ
C:\USERS\MOCHANGMING\DOCUMENTS\VISUAL STUDIO 2010\PROJECTS\SHOCKWAVE\SHOCKWAVE\GSL\BUILD\GSL.DIR\DEBUG\CDF\NBINOMIAL.C.OBJ
C:\USERS\MOCHANGMING\DOCUMENTS\VISUAL STUDIO 2010\PROJECTS\SHOCKWAVE\SHOCKWAVE\GSL\BUILD\GSL.DIR\DEBUG\CDF\PARETO.C.OBJ
C:\USERS\MOCHANGMING\DOCUMENTS\VISUAL STUDIO 2010\PROJECTS\SHOCKWAVE\SHOCKWAVE\GSL\BUILD\GSL.DIR\DEBUG\CDF\PASCAL.C.OBJ
C:\USERS\MOCHANGMING\DOCUMENTS\VISUAL STUDIO 2010\PROJECTS\SHOCKWAVE\SHOCKWAVE\GSL\BUILD\GSL.DIR\DEBUG\CDF\POISSON.C.OBJ
C:\USERS\MOCHANGMING\DOCUMENTS\VISUAL STUDIO 2010\PROJECTS\SHOCKWAVE\SHOCKWAVE\GSL\BUILD\GSL.DIR\DEBUG\CDF\RAYLEIGH.C.OBJ
C:\USERS\MOCHANGMING\DOCUMENTS\VISUAL STUDIO 2010\PROJECTS\SHOCKWAVE\SHOCKWAVE\GSL\BUILD\GSL.DIR\DEBUG\CDF\TDIST.C.OBJ
C:\USERS\MOCHANGMING\DOCUMENTS\VISUAL STUDIO 2010\PROJECTS\SHOCKWAVE\SHOCKWAVE\GSL\BUILD\GSL.DIR\DEBUG\CDF\WEIBULL.C.OBJ
C:\Users\mochangming\Documents\Visual Studio 2010\Projects\shockwave\shockwave\gsl\build\gsl.dir\Debug\cgst.obj
C:\USERS\MOCHANGMING\DOCUMENTS\VISUAL STUDIO 2010\PROJECTS\SHOCKWAVE\SHOCKWAVE\GSL\BUILD\GSL.DIR\DEBUG\CHEB\DERIV.C.OBJ
C:\USERS\MOCHANGMING\DOCUMENTS\VISUAL STUDIO 2010\PROJECTS\SHOCKWAVE\SHOCKWAVE\GSL\BUILD\GSL.DIR\DEBUG\CHEB\EVAL.C.OBJ
C:\USERS\MOCHANGMING\DOCUMENTS\VISUAL STUDIO 2010\PROJECTS\SHOCKWAVE\SHOCKWAVE\GSL\BUILD\GSL.DIR\DEBUG\CHEB\INIT.C.OBJ
C:\Users\mochangming\Documents\Visual Studio 2010\Projects\shockwave\shockwave\gsl\build\gsl.dir\Debug\chebyshev.obj
C:\Users\mochangming\Documents\Visual Studio 2010\Projects\shockwave\shockwave\gsl\build\gsl.dir\Debug\chebyshev2.obj
C:\Users\mochangming\Documents\Visual Studio 2010\Projects\shockwave\shockwave\gsl\build\gsl.dir\Debug\chisqinv.obj
C:\Users\mochangming\Documents\Visual Studio 2010\Projects\shockwave\shockwave\gsl\build\gsl.dir\Debug\cholesky_band.obj
C:\Users\mochangming\Documents\Visual Studio 2010\Projects\shockwave\shockwave\gsl\build\gsl.dir\Debug\choleskyc.obj
C:\Users\mochangming\Documents\Visual Studio 2010\Projects\shockwave\shockwave\gsl\build\gsl.dir\Debug\CL.11512.read.1.tlog
C:\Users\mochangming\Documents\Visual Studio 2010\Projects\shockwave\shockwave\gsl\build\gsl.dir\Debug\CL.11512.write.1.tlog
C:\Users\mochangming\Documents\Visual Studio 2010\Projects\shockwave\shockwave\gsl\build\gsl.dir\Debug\CL.12216.read.1.tlog
C:\Users\mochangming\Documents\Visual Studio 2010\Projects\shockwave\shockwave\gsl\build\gsl.dir\Debug\CL.12216.write.1.tlog
C:\Users\mochangming\Documents\Visual Studio 2010\Projects\shockwave\shockwave\gsl\build\gsl.dir\Debug\CL.12944.read.1.tlog
C:\Users\mochangming\Documents\Visual Studio 2010\Projects\shockwave\shockwave\gsl\build\gsl.dir\Debug\CL.12944.write.1.tlog
C:\Users\mochangming\Documents\Visual Studio 2010\Projects\shockwave\shockwave\gsl\build\gsl.dir\Debug\CL.1472.read.1.tlog
C:\Users\mochangming\Documents\Visual Studio 2010\Projects\shockwave\shockwave\gsl\build\gsl.dir\Debug\CL.1472.write.1.tlog
C:\Users\mochangming\Documents\Visual Studio 2010\Projects\shockwave\shockwave\gsl\build\gsl.dir\Debug\CL.2324.read.1.tlog
C:\Users\mochangming\Documents\Visual Studio 2010\Projects\shockwave\shockwave\gsl\build\gsl.dir\Debug\CL.2324.write.1.tlog
C:\Users\mochangming\Documents\Visual Studio 2010\Projects\shockwave\shockwave\gsl\build\gsl.dir\Debug\CL.4792.read.1.tlog
C:\Users\mochangming\Documents\Visual Studio 2010\Projects\shockwave\shockwave\gsl\build\gsl.dir\Debug\CL.4792.write.1.tlog
C:\Users\mochangming\Documents\Visual Studio 2010\Projects\shockwave\shockwave\gsl\build\gsl.dir\Debug\CL.8948.read.1.tlog
C:\Users\mochangming\Documents\Visual Studio 2010\Projects\shockwave\shockwave\gsl\build\gsl.dir\Debug\CL.8948.write.1.tlog
C:\Users\mochangming\Documents\Visual Studio 2010\Projects\shockwave\shockwave\gsl\build\gsl.dir\Debug\CL.9364.read.1.tlog
C:\Users\mochangming\Documents\Visual Studio 2010\Projects\shockwave\shockwave\gsl\build\gsl.dir\Debug\CL.9364.write.1.tlog
C:\Users\mochangming\Documents\Visual Studio 2010\Projects\shockwave\shockwave\gsl\build\gsl.dir\Debug\cl.command.1.tlog
C:\Users\mochangming\Documents\Visual Studio 2010\Projects\shockwave\shockwave\gsl\build\gsl.dir\Debug\CL.read.1.tlog
C:\Users\mochangming\Documents\Visual Studio 2010\Projects\shockwave\shockwave\gsl\build\gsl.dir\Debug\cl.write.1.tlog
C:\Users\mochangming\Documents\Visual Studio 2010\Projects\shockwave\shockwave\gsl\build\gsl.dir\Debug\clausen.obj
C:\Users\mochangming\Documents\Visual Studio 2010\Projects\shockwave\shockwave\gsl\build\gsl.dir\Debug\cmrg.obj
C:\Users\mochangming\Documents\Visual Studio 2010\Projects\shockwave\shockwave\gsl\build\gsl.dir\Debug\cod.obj
C:\Users\mochangming\Documents\Visual Studio 2010\Projects\shockwave\shockwave\gsl\build\gsl.dir\Debug\coerce.obj
C:\Users\mochangming\Documents\Visual Studio 2010\Projects\shockwave\shockwave\gsl\build\gsl.dir\Debug\combination.obj
C:\USERS\MOCHANGMING\DOCUMENTS\VISUAL STUDIO 2010\PROJECTS\SHOCKWAVE\SHOCKWAVE\GSL\BUILD\GSL.DIR\DEBUG\COMBINATION\FILE.C.OBJ
C:\USERS\MOCHANGMING\DOCUMENTS\VISUAL STUDIO 2010\PROJECTS\SHOCKWAVE\SHOCKWAVE\GSL\BUILD\GSL.DIR\DEBUG\COMBINATION\INIT.C.OBJ
C:\USERS\MOCHANGMING\DOCUMENTS\VISUAL STUDIO 2010\PROJECTS\SHOCKWAVE\SHOCKWAVE\GSL\BUILD\GSL.DIR\DEBUG\COMBINATION\INLINE.C.OBJ
C:\USERS\MOCHANGMING\DOCUMENTS\VISUAL STUDIO 2010\PROJECTS\SHOCKWAVE\SHOCKWAVE\GSL\BUILD\GSL.DIR\DEBUG\COMPLEX\INLINE.C.OBJ
C:\Users\mochangming\Documents\Visual Studio 2010\Projects\shockwave\shockwave\gsl\build\gsl.dir\Debug\compress.obj
C:\Users\mochangming\Documents\Visual Studio 2010\Projects\shockwave\shockwave\gsl\build\gsl.dir\Debug\condest.obj
C:\Users\mochangming\Documents\Visual Studio 2010\Projects\shockwave\shockwave\gsl\build\gsl.dir\Debug\conjugate_fr.obj
C:\Users\mochangming\Documents\Visual Studio 2010\Projects\shockwave\shockwave\gsl\build\gsl.dir\Debug\conjugate_pr.obj
C:\Users\mochangming\Documents\Visual Studio 2010\Projects\shockwave\shockwave\gsl\build\gsl.dir\Debug\copy2d.obj
C:\Users\mochangming\Documents\Visual Studio 2010\Projects\shockwave\shockwave\gsl\build\gsl.dir\Debug\coulomb.obj
C:\Users\mochangming\Documents\Visual Studio 2010\Projects\shockwave\shockwave\gsl\build\gsl.dir\Debug\coulomb_bound.obj
C:\Users\mochangming\Documents\Visual Studio 2010\Projects\shockwave\shockwave\gsl\build\gsl.dir\Debug\coupling.obj
C:\Users\mochangming\Documents\Visual Studio 2010\Projects\shockwave\shockwave\gsl\build\gsl.dir\Debug\covariance.obj
C:\Users\mochangming\Documents\Visual Studio 2010\Projects\shockwave\shockwave\gsl\build\gsl.dir\Debug\coveyou.obj
C:\Users\mochangming\Documents\Visual Studio 2010\Projects\shockwave\shockwave\gsl\build\gsl.dir\Debug\cquad.obj
C:\Users\mochangming\Documents\Visual Studio 2010\Projects\shockwave\shockwave\gsl\build\gsl.dir\Debug\cspline.obj
C:\Users\mochangming\Documents\Visual Studio 2010\Projects\shockwave\shockwave\gsl\build\gsl.dir\Debug\custombuild.command.1.tlog
C:\Users\mochangming\Documents\Visual Studio 2010\Projects\shockwave\shockwave\gsl\build\gsl.dir\Debug\custombuild.read.1.tlog
C:\Users\mochangming\Documents\Visual Studio 2010\Projects\shockwave\shockwave\gsl\build\gsl.dir\Debug\custombuild.write.1.tlog
C:\Users\mochangming\Documents\Visual Studio 2010\Projects\shockwave\shockwave\gsl\build\gsl.dir\Debug\daubechies.obj
C:\Users\mochangming\Documents\Visual Studio 2010\Projects\shockwave\shockwave\gsl\build\gsl.dir\Debug\dawson.obj
C:\Users\mochangming\Documents\Visual Studio 2010\Projects\shockwave\shockwave\gsl\build\gsl.dir\Debug\dd.obj
C:\Users\mochangming\Documents\Visual Studio 2010\Projects\shockwave\shockwave\gsl\build\gsl.dir\Debug\debye.obj
C:\Users\mochangming\Documents\Visual Studio 2010\Projects\shockwave\shockwave\gsl\build\gsl.dir\Debug\default.obj
C:\USERS\MOCHANGMING\DOCUMENTS\VISUAL STUDIO 2010\PROJECTS\SHOCKWAVE\SHOCKWAVE\GSL\BUILD\GSL.DIR\DEBUG\DERIV\DERIV.C.OBJ
C:\Users\mochangming\Documents\Visual Studio 2010\Projects\shockwave\shockwave\gsl\build\gsl.dir\Debug\dft.obj
C:\Users\mochangming\Documents\Visual Studio 2010\Projects\shockwave\shockwave\gsl\build\gsl.dir\Debug\dht.obj
C:\USERS\MOCHANGMING\DOCUMENTS\VISUAL STUDIO 2010\PROJECTS\SHOCKWAVE\SHOCKWAVE\GSL\BUILD\GSL.DIR\DEBUG\DIFF\DIFF.C.OBJ
C:\Users\mochangming\Documents\Visual Studio 2010\Projects\shockwave\shockwave\gsl\build\gsl.dir\Debug\dilog.obj
C:\Users\mochangming\Documents\Visual Studio 2010\Projects\shockwave\shockwave\gsl\build\gsl.dir\Debug\dirichlet.obj
C:\Users\mochangming\Documents\Visual Studio 2010\Projects\shockwave\shockwave\gsl\build\gsl.dir\Debug\discrete.obj
C:\Users\mochangming\Documents\Visual Studio 2010\Projects\shockwave\shockwave\gsl\build\gsl.dir\Debug\dnewton.obj
C:\Users\mochangming\Documents\Visual Studio 2010\Projects\shockwave\shockwave\gsl\build\gsl.dir\Debug\driver.obj
C:\Users\mochangming\Documents\Visual Studio 2010\Projects\shockwave\shockwave\gsl\build\gsl.dir\Debug\dummy.obj
C:\Users\mochangming\Documents\Visual Studio 2010\Projects\shockwave\shockwave\gsl\build\gsl.dir\Debug\dwt.obj
C:\USERS\MOCHANGMING\DOCUMENTS\VISUAL STUDIO 2010\PROJECTS\SHOCKWAVE\SHOCKWAVE\GSL\BUILD\GSL.DIR\DEBUG\EIGEN\JACOBI.C.OBJ
C:\USERS\MOCHANGMING\DOCUMENTS\VISUAL STUDIO 2010\PROJECTS\SHOCKWAVE\SHOCKWAVE\GSL\BUILD\GSL.DIR\DEBUG\EIGEN\SORT.C.OBJ
C:\Users\mochangming\Documents\Visual Studio 2010\Projects\shockwave\shockwave\gsl\build\gsl.dir\Debug\elementary.obj
C:\Users\mochangming\Documents\Visual Studio 2010\Projects\shockwave\shockwave\gsl\build\gsl.dir\Debug\ellint.obj
C:\Users\mochangming\Documents\Visual Studio 2010\Projects\shockwave\shockwave\gsl\build\gsl.dir\Debug\elljac.obj
C:\Users\mochangming\Documents\Visual Studio 2010\Projects\shockwave\shockwave\gsl\build\gsl.dir\Debug\env.obj
C:\Users\mochangming\Documents\Visual Studio 2010\Projects\shockwave\shockwave\gsl\build\gsl.dir\Debug\erfc.obj
C:\Users\mochangming\Documents\Visual Studio 2010\Projects\shockwave\shockwave\gsl\build\gsl.dir\Debug\erlang.obj
C:\Users\mochangming\Documents\Visual Studio 2010\Projects\shockwave\shockwave\gsl\build\gsl.dir\Debug\error.obj
C:\Users\mochangming\Documents\Visual Studio 2010\Projects\shockwave\shockwave\gsl\build\gsl.dir\Debug\exp.obj
C:\Users\mochangming\Documents\Visual Studio 2010\Projects\shockwave\shockwave\gsl\build\gsl.dir\Debug\expint.obj
C:\Users\mochangming\Documents\Visual Studio 2010\Projects\shockwave\shockwave\gsl\build\gsl.dir\Debug\expint3.obj
C:\Users\mochangming\Documents\Visual Studio 2010\Projects\shockwave\shockwave\gsl\build\gsl.dir\Debug\expm1.obj
C:\Users\mochangming\Documents\Visual Studio 2010\Projects\shockwave\shockwave\gsl\build\gsl.dir\Debug\exponentialinv.obj
C:\Users\mochangming\Documents\Visual Studio 2010\Projects\shockwave\shockwave\gsl\build\gsl.dir\Debug\falsepos.obj
C:\Users\mochangming\Documents\Visual Studio 2010\Projects\shockwave\shockwave\gsl\build\gsl.dir\Debug\fcmp.obj
C:\Users\mochangming\Documents\Visual Studio 2010\Projects\shockwave\shockwave\gsl\build\gsl.dir\Debug\fdfminimizer.obj
C:\Users\mochangming\Documents\Visual Studio 2010\Projects\shockwave\shockwave\gsl\build\gsl.dir\Debug\fdfridge.obj
C:\Users\mochangming\Documents\Visual Studio 2010\Projects\shockwave\shockwave\gsl\build\gsl.dir\Debug\fdfvv.obj
C:\Users\mochangming\Documents\Visual Studio 2010\Projects\shockwave\shockwave\gsl\build\gsl.dir\Debug\fdistinv.obj
C:\Users\mochangming\Documents\Visual Studio 2010\Projects\shockwave\shockwave\gsl\build\gsl.dir\Debug\fdiv.obj
C:\Users\mochangming\Documents\Visual Studio 2010\Projects\shockwave\shockwave\gsl\build\gsl.dir\Debug\fermi_dirac.obj
C:\Users\mochangming\Documents\Visual Studio 2010\Projects\shockwave\shockwave\gsl\build\gsl.dir\Debug\fft.obj
C:\Users\mochangming\Documents\Visual Studio 2010\Projects\shockwave\shockwave\gsl\build\gsl.dir\Debug\file2d.obj
C:\Users\mochangming\Documents\Visual Studio 2010\Projects\shockwave\shockwave\gsl\build\gsl.dir\Debug\fill.obj
C:\USERS\MOCHANGMING\DOCUMENTS\VISUAL STUDIO 2010\PROJECTS\SHOCKWAVE\SHOCKWAVE\GSL\BUILD\GSL.DIR\DEBUG\FILTER\MEDIAN.C.OBJ
C:\Users\mochangming\Documents\Visual Studio 2010\Projects\shockwave\shockwave\gsl\build\gsl.dir\Debug\fishman18.obj
C:\Users\mochangming\Documents\Visual Studio 2010\Projects\shockwave\shockwave\gsl\build\gsl.dir\Debug\fishman20.obj
C:\Users\mochangming\Documents\Visual Studio 2010\Projects\shockwave\shockwave\gsl\build\gsl.dir\Debug\fishman2x.obj
C:\USERS\MOCHANGMING\DOCUMENTS\VISUAL STUDIO 2010\PROJECTS\SHOCKWAVE\SHOCKWAVE\GSL\BUILD\GSL.DIR\DEBUG\FIT\LINEAR.C.OBJ
C:\Users\mochangming\Documents\Visual Studio 2010\Projects\shockwave\shockwave\gsl\build\gsl.dir\Debug\fixed.obj
C:\Users\mochangming\Documents\Visual Studio 2010\Projects\shockwave\shockwave\gsl\build\gsl.dir\Debug\flatinv.obj
C:\Users\mochangming\Documents\Visual Studio 2010\Projects\shockwave\shockwave\gsl\build\gsl.dir\Debug\fminimizer.obj
C:\Users\mochangming\Documents\Visual Studio 2010\Projects\shockwave\shockwave\gsl\build\gsl.dir\Debug\fp.obj
C:\Users\mochangming\Documents\Visual Studio 2010\Projects\shockwave\shockwave\gsl\build\gsl.dir\Debug\francis.obj
C:\Users\mochangming\Documents\Visual Studio 2010\Projects\shockwave\shockwave\gsl\build\gsl.dir\Debug\funcacc.obj
C:\Users\mochangming\Documents\Visual Studio 2010\Projects\shockwave\shockwave\gsl\build\gsl.dir\Debug\gamma_inc.obj
C:\Users\mochangming\Documents\Visual Studio 2010\Projects\shockwave\shockwave\gsl\build\gsl.dir\Debug\gammainv.obj
C:\Users\mochangming\Documents\Visual Studio 2010\Projects\shockwave\shockwave\gsl\build\gsl.dir\Debug\gastwirth.obj
C:\Users\mochangming\Documents\Visual Studio 2010\Projects\shockwave\shockwave\gsl\build\gsl.dir\Debug\gaussian.obj
C:\Users\mochangming\Documents\Visual Studio 2010\Projects\shockwave\shockwave\gsl\build\gsl.dir\Debug\gaussinv.obj
C:\Users\mochangming\Documents\Visual Studio 2010\Projects\shockwave\shockwave\gsl\build\gsl.dir\Debug\gausstail.obj
C:\Users\mochangming\Documents\Visual Studio 2010\Projects\shockwave\shockwave\gsl\build\gsl.dir\Debug\gausszig.obj
C:\Users\mochangming\Documents\Visual Studio 2010\Projects\shockwave\shockwave\gsl\build\gsl.dir\Debug\gcv.obj
C:\Users\mochangming\Documents\Visual Studio 2010\Projects\shockwave\shockwave\gsl\build\gsl.dir\Debug\gear1.obj
C:\Users\mochangming\Documents\Visual Studio 2010\Projects\shockwave\shockwave\gsl\build\gsl.dir\Debug\gear2.obj
C:\Users\mochangming\Documents\Visual Studio 2010\Projects\shockwave\shockwave\gsl\build\gsl.dir\Debug\gen.obj
C:\Users\mochangming\Documents\Visual Studio 2010\Projects\shockwave\shockwave\gsl\build\gsl.dir\Debug\genherm.obj
C:\Users\mochangming\Documents\Visual Studio 2010\Projects\shockwave\shockwave\gsl\build\gsl.dir\Debug\genhermv.obj
C:\Users\mochangming\Documents\Visual Studio 2010\Projects\shockwave\shockwave\gsl\build\gsl.dir\Debug\gensymm.obj
C:\Users\mochangming\Documents\Visual Studio 2010\Projects\shockwave\shockwave\gsl\build\gsl.dir\Debug\gensymmv.obj
C:\Users\mochangming\Documents\Visual Studio 2010\Projects\shockwave\shockwave\gsl\build\gsl.dir\Debug\genv.obj
C:\Users\mochangming\Documents\Visual Studio 2010\Projects\shockwave\shockwave\gsl\build\gsl.dir\Debug\get.obj
C:\Users\mochangming\Documents\Visual Studio 2010\Projects\shockwave\shockwave\gsl\build\gsl.dir\Debug\get2d.obj
C:\Users\mochangming\Documents\Visual Studio 2010\Projects\shockwave\shockwave\gsl\build\gsl.dir\Debug\gfsr4.obj
C:\Users\mochangming\Documents\Visual Studio 2010\Projects\shockwave\shockwave\gsl\build\gsl.dir\Debug\glfixed.obj
C:\Users\mochangming\Documents\Visual Studio 2010\Projects\shockwave\shockwave\gsl\build\gsl.dir\Debug\gmres.obj
C:\Users\mochangming\Documents\Visual Studio 2010\Projects\shockwave\shockwave\gsl\build\gsl.dir\Debug\gnewton.obj
C:\Users\mochangming\Documents\Visual Studio 2010\Projects\shockwave\shockwave\gsl\build\gsl.dir\Debug\golden.obj
C:\Users\mochangming\Documents\Visual Studio 2010\Projects\shockwave\shockwave\gsl\build\gsl.dir\Debug\gradient.obj
C:\Users\mochangming\Documents\Visual Studio 2010\Projects\shockwave\shockwave\gsl\build\gsl.dir\Debug\greville.obj
C:\Users\mochangming\Documents\Visual Studio 2010\Projects\shockwave\shockwave\gsl\build\gsl.dir\Debug\gsl.write.1.tlog
C:\Users\mochangming\Documents\Visual Studio 2010\Projects\shockwave\shockwave\gsl\build\gsl.dir\Debug\gumbel.obj
C:\Users\mochangming\Documents\Visual Studio 2010\Projects\shockwave\shockwave\gsl\build\gsl.dir\Debug\gumbel1.obj
C:\Users\mochangming\Documents\Visual Studio 2010\Projects\shockwave\shockwave\gsl\build\gsl.dir\Debug\gumbel1inv.obj
C:\Users\mochangming\Documents\Visual Studio 2010\Projects\shockwave\shockwave\gsl\build\gsl.dir\Debug\gumbel2.obj
C:\Users\mochangming\Documents\Visual Studio 2010\Projects\shockwave\shockwave\gsl\build\gsl.dir\Debug\gumbel2inv.obj
C:\Users\mochangming\Documents\Visual Studio 2010\Projects\shockwave\shockwave\gsl\build\gsl.dir\Debug\haar.obj
C:\Users\mochangming\Documents\Visual Studio 2010\Projects\shockwave\shockwave\gsl\build\gsl.dir\Debug\halton.obj
C:\Users\mochangming\Documents\Visual Studio 2010\Projects\shockwave\shockwave\gsl\build\gsl.dir\Debug\herm.obj
C:\Users\mochangming\Documents\Visual Studio 2010\Projects\shockwave\shockwave\gsl\build\gsl.dir\Debug\hermtd.obj
C:\Users\mochangming\Documents\Visual Studio 2010\Projects\shockwave\shockwave\gsl\build\gsl.dir\Debug\hermv.obj
C:\Users\mochangming\Documents\Visual Studio 2010\Projects\shockwave\shockwave\gsl\build\gsl.dir\Debug\hessenberg.obj
C:\Users\mochangming\Documents\Visual Studio 2010\Projects\shockwave\shockwave\gsl\build\gsl.dir\Debug\hesstri.obj
C:\Users\mochangming\Documents\Visual Studio 2010\Projects\shockwave\shockwave\gsl\build\gsl.dir\Debug\hh.obj
C:\USERS\MOCHANGMING\DOCUMENTS\VISUAL STUDIO 2010\PROJECTS\SHOCKWAVE\SHOCKWAVE\GSL\BUILD\GSL.DIR\DEBUG\HISTOGRAM\COPY.C.OBJ
C:\USERS\MOCHANGMING\DOCUMENTS\VISUAL STUDIO 2010\PROJECTS\SHOCKWAVE\SHOCKWAVE\GSL\BUILD\GSL.DIR\DEBUG\HISTOGRAM\FILE.C.OBJ
C:\USERS\MOCHANGMING\DOCUMENTS\VISUAL STUDIO 2010\PROJECTS\SHOCKWAVE\SHOCKWAVE\GSL\BUILD\GSL.DIR\DEBUG\HISTOGRAM\INIT.C.OBJ
C:\USERS\MOCHANGMING\DOCUMENTS\VISUAL STUDIO 2010\PROJECTS\SHOCKWAVE\SHOCKWAVE\GSL\BUILD\GSL.DIR\DEBUG\HISTOGRAM\OPER.C.OBJ
C:\Users\mochangming\Documents\Visual Studio 2010\Projects\shockwave\shockwave\gsl\build\gsl.dir\Debug\householder.obj
C:\Users\mochangming\Documents\Visual Studio 2010\Projects\shockwave\shockwave\gsl\build\gsl.dir\Debug\householdercomplex.obj
C:\Users\mochangming\Documents\Visual Studio 2010\Projects\shockwave\shockwave\gsl\build\gsl.dir\Debug\hybrid.obj
C:\Users\mochangming\Documents\Visual Studio 2010\Projects\shockwave\shockwave\gsl\build\gsl.dir\Debug\hybridj.obj
C:\Users\mochangming\Documents\Visual Studio 2010\Projects\shockwave\shockwave\gsl\build\gsl.dir\Debug\hyperg_0F1.obj
C:\Users\mochangming\Documents\Visual Studio 2010\Projects\shockwave\shockwave\gsl\build\gsl.dir\Debug\hyperg_1F1.obj
C:\Users\mochangming\Documents\Visual Studio 2010\Projects\shockwave\shockwave\gsl\build\gsl.dir\Debug\hyperg_2F0.obj
C:\Users\mochangming\Documents\Visual Studio 2010\Projects\shockwave\shockwave\gsl\build\gsl.dir\Debug\hyperg_2F1.obj
C:\Users\mochangming\Documents\Visual Studio 2010\Projects\shockwave\shockwave\gsl\build\gsl.dir\Debug\hyperg_U.obj
C:\Users\mochangming\Documents\Visual Studio 2010\Projects\shockwave\shockwave\gsl\build\gsl.dir\Debug\hypergeometric.obj
C:\Users\mochangming\Documents\Visual Studio 2010\Projects\shockwave\shockwave\gsl\build\gsl.dir\Debug\hypot.obj
C:\Users\mochangming\Documents\Visual Studio 2010\Projects\shockwave\shockwave\gsl\build\gsl.dir\Debug\impulse.obj
C:\Users\mochangming\Documents\Visual Studio 2010\Projects\shockwave\shockwave\gsl\build\gsl.dir\Debug\infnan.obj
C:\Users\mochangming\Documents\Visual Studio 2010\Projects\shockwave\shockwave\gsl\build\gsl.dir\Debug\init2d.obj
C:\Users\mochangming\Documents\Visual Studio 2010\Projects\shockwave\shockwave\gsl\build\gsl.dir\Debug\integ.obj
C:\USERS\MOCHANGMING\DOCUMENTS\VISUAL STUDIO 2010\PROJECTS\SHOCKWAVE\SHOCKWAVE\GSL\BUILD\GSL.DIR\DEBUG\INTEGRATION\EXPONENTIAL.C.OBJ
C:\USERS\MOCHANGMING\DOCUMENTS\VISUAL STUDIO 2010\PROJECTS\SHOCKWAVE\SHOCKWAVE\GSL\BUILD\GSL.DIR\DEBUG\INTEGRATION\GEGENBAUER.C.OBJ
C:\USERS\MOCHANGMING\DOCUMENTS\VISUAL STUDIO 2010\PROJECTS\SHOCKWAVE\SHOCKWAVE\GSL\BUILD\GSL.DIR\DEBUG\INTEGRATION\HERMITE.C.OBJ
C:\USERS\MOCHANGMING\DOCUMENTS\VISUAL STUDIO 2010\PROJECTS\SHOCKWAVE\SHOCKWAVE\GSL\BUILD\GSL.DIR\DEBUG\INTEGRATION\JACOBI.C.OBJ
C:\USERS\MOCHANGMING\DOCUMENTS\VISUAL STUDIO 2010\PROJECTS\SHOCKWAVE\SHOCKWAVE\GSL\BUILD\GSL.DIR\DEBUG\INTEGRATION\LAGUERRE.C.OBJ
C:\Users\mochangming\Documents\Visual Studio 2010\Projects\shockwave\shockwave\gsl\build\gsl.dir\Debug\interp.obj
C:\Users\mochangming\Documents\Visual Studio 2010\Projects\shockwave\shockwave\gsl\build\gsl.dir\Debug\interp2d.obj
C:\USERS\MOCHANGMING\DOCUMENTS\VISUAL STUDIO 2010\PROJECTS\SHOCKWAVE\SHOCKWAVE\GSL\BUILD\GSL.DIR\DEBUG\INTERPOLATION\INLINE.C.OBJ
C:\USERS\MOCHANGMING\DOCUMENTS\VISUAL STUDIO 2010\PROJECTS\SHOCKWAVE\SHOCKWAVE\GSL\BUILD\GSL.DIR\DEBUG\INTERPOLATION\LINEAR.C.OBJ
C:\Users\mochangming\Documents\Visual Studio 2010\Projects\shockwave\shockwave\gsl\build\gsl.dir\Debug\invhyp.obj
C:\Users\mochangming\Documents\Visual Studio 2010\Projects\shockwave\shockwave\gsl\build\gsl.dir\Debug\invtri.obj
C:\Users\mochangming\Documents\Visual Studio 2010\Projects\shockwave\shockwave\gsl\build\gsl.dir\Debug\invtri_complex.obj
C:\Users\mochangming\Documents\Visual Studio 2010\Projects\shockwave\shockwave\gsl\build\gsl.dir\Debug\itersolve.obj
C:\Users\mochangming\Documents\Visual Studio 2010\Projects\shockwave\shockwave\gsl\build\gsl.dir\Debug\knuthran.obj
C:\Users\mochangming\Documents\Visual Studio 2010\Projects\shockwave\shockwave\gsl\build\gsl.dir\Debug\knuthran2.obj
C:\Users\mochangming\Documents\Visual Studio 2010\Projects\shockwave\shockwave\gsl\build\gsl.dir\Debug\knuthran2002.obj
C:\Users\mochangming\Documents\Visual Studio 2010\Projects\shockwave\shockwave\gsl\build\gsl.dir\Debug\kurtosis.obj
C:\Users\mochangming\Documents\Visual Studio 2010\Projects\shockwave\shockwave\gsl\build\gsl.dir\Debug\lag1.obj
C:\Users\mochangming\Documents\Visual Studio 2010\Projects\shockwave\shockwave\gsl\build\gsl.dir\Debug\lambert.obj
C:\Users\mochangming\Documents\Visual Studio 2010\Projects\shockwave\shockwave\gsl\build\gsl.dir\Debug\landau.obj
C:\Users\mochangming\Documents\Visual Studio 2010\Projects\shockwave\shockwave\gsl\build\gsl.dir\Debug\laplaceinv.obj
C:\Users\mochangming\Documents\Visual Studio 2010\Projects\shockwave\shockwave\gsl\build\gsl.dir\Debug\ldfrexp.obj
C:\Users\mochangming\Documents\Visual Studio 2010\Projects\shockwave\shockwave\gsl\build\gsl.dir\Debug\ldlt.obj
C:\Users\mochangming\Documents\Visual Studio 2010\Projects\shockwave\shockwave\gsl\build\gsl.dir\Debug\ldlt_band.obj
C:\Users\mochangming\Documents\Visual Studio 2010\Projects\shockwave\shockwave\gsl\build\gsl.dir\Debug\lecuyer21.obj
C:\Users\mochangming\Documents\Visual Studio 2010\Projects\shockwave\shockwave\gsl\build\gsl.dir\Debug\legendre.obj
C:\Users\mochangming\Documents\Visual Studio 2010\Projects\shockwave\shockwave\gsl\build\gsl.dir\Debug\legendre_con.obj
C:\Users\mochangming\Documents\Visual Studio 2010\Projects\shockwave\shockwave\gsl\build\gsl.dir\Debug\legendre_H3d.obj
C:\Users\mochangming\Documents\Visual Studio 2010\Projects\shockwave\shockwave\gsl\build\gsl.dir\Debug\legendre_P.obj
C:\Users\mochangming\Documents\Visual Studio 2010\Projects\shockwave\shockwave\gsl\build\gsl.dir\Debug\legendre_poly.obj
C:\Users\mochangming\Documents\Visual Studio 2010\Projects\shockwave\shockwave\gsl\build\gsl.dir\Debug\legendre_Qn.obj
C:\Users\mochangming\Documents\Visual Studio 2010\Projects\shockwave\shockwave\gsl\build\gsl.dir\Debug\levin_u.obj
C:\Users\mochangming\Documents\Visual Studio 2010\Projects\shockwave\shockwave\gsl\build\gsl.dir\Debug\levin_utrunc.obj
C:\Users\mochangming\Documents\Visual Studio 2010\Projects\shockwave\shockwave\gsl\build\gsl.dir\Debug\levy.obj
C:\Users\mochangming\Documents\Visual Studio 2010\Projects\shockwave\shockwave\gsl\build\gsl.dir\Debug\lib.command.1.tlog
C:\Users\mochangming\Documents\Visual Studio 2010\Projects\shockwave\shockwave\gsl\build\gsl.dir\Debug\Lib-link.read.1.tlog
C:\Users\mochangming\Documents\Visual Studio 2010\Projects\shockwave\shockwave\gsl\build\gsl.dir\Debug\Lib-link.write.1.tlog
C:\USERS\MOCHANGMING\DOCUMENTS\VISUAL STUDIO 2010\PROJECTS\SHOCKWAVE\SHOCKWAVE\GSL\BUILD\GSL.DIR\DEBUG\LINALG\CHOLESKY.C.OBJ
C:\USERS\MOCHANGMING\DOCUMENTS\VISUAL STUDIO 2010\PROJECTS\SHOCKWAVE\SHOCKWAVE\GSL\BUILD\GSL.DIR\DEBUG\LINALG\EXPONENTIAL.C.OBJ
C:\USERS\MOCHANGMING\DOCUMENTS\VISUAL STUDIO 2010\PROJECTS\SHOCKWAVE\SHOCKWAVE\GSL\BUILD\GSL.DIR\DEBUG\LINALG\INLINE.C.OBJ
C:\USERS\MOCHANGMING\DOCUMENTS\VISUAL STUDIO 2010\PROJECTS\SHOCKWAVE\SHOCKWAVE\GSL\BUILD\GSL.DIR\DEBUG\LINALG\MCHOLESKY.C.OBJ
C:\USERS\MOCHANGMING\DOCUMENTS\VISUAL STUDIO 2010\PROJECTS\SHOCKWAVE\SHOCKWAVE\GSL\BUILD\GSL.DIR\DEBUG\LINALG\QR.C.OBJ
C:\USERS\MOCHANGMING\DOCUMENTS\VISUAL STUDIO 2010\PROJECTS\SHOCKWAVE\SHOCKWAVE\GSL\BUILD\GSL.DIR\DEBUG\LINALG\SVD.C.OBJ
C:\Users\mochangming\Documents\Visual Studio 2010\Projects\shockwave\shockwave\gsl\build\gsl.dir\Debug\lmder.obj
C:\Users\mochangming\Documents\Visual Studio 2010\Projects\shockwave\shockwave\gsl\build\gsl.dir\Debug\lmniel.obj
C:\Users\mochangming\Documents\Visual Studio 2010\Projects\shockwave\shockwave\gsl\build\gsl.dir\Debug\log.obj
C:\Users\mochangming\Documents\Visual Studio 2010\Projects\shockwave\shockwave\gsl\build\gsl.dir\Debug\log1p.obj
C:\Users\mochangming\Documents\Visual Studio 2010\Projects\shockwave\shockwave\gsl\build\gsl.dir\Debug\logarithmic.obj
C:\Users\mochangming\Documents\Visual Studio 2010\Projects\shockwave\shockwave\gsl\build\gsl.dir\Debug\logisticinv.obj
C:\Users\mochangming\Documents\Visual Studio 2010\Projects\shockwave\shockwave\gsl\build\gsl.dir\Debug\lognormalinv.obj
C:\Users\mochangming\Documents\Visual Studio 2010\Projects\shockwave\shockwave\gsl\build\gsl.dir\Debug\lq.obj
C:\Users\mochangming\Documents\Visual Studio 2010\Projects\shockwave\shockwave\gsl\build\gsl.dir\Debug\lu.obj
C:\Users\mochangming\Documents\Visual Studio 2010\Projects\shockwave\shockwave\gsl\build\gsl.dir\Debug\lu_band.obj
C:\Users\mochangming\Documents\Visual Studio 2010\Projects\shockwave\shockwave\gsl\build\gsl.dir\Debug\luc.obj
C:\Users\mochangming\Documents\Visual Studio 2010\Projects\shockwave\shockwave\gsl\build\gsl.dir\Debug\mad.obj
C:\Users\mochangming\Documents\Visual Studio 2010\Projects\shockwave\shockwave\gsl\build\gsl.dir\Debug\madacc.obj
C:\Users\mochangming\Documents\Visual Studio 2010\Projects\shockwave\shockwave\gsl\build\gsl.dir\Debug\make_rep.obj
C:\Users\mochangming\Documents\Visual Studio 2010\Projects\shockwave\shockwave\gsl\build\gsl.dir\Debug\math.obj
C:\Users\mochangming\Documents\Visual Studio 2010\Projects\shockwave\shockwave\gsl\build\gsl.dir\Debug\mathieu_angfunc.obj
C:\Users\mochangming\Documents\Visual Studio 2010\Projects\shockwave\shockwave\gsl\build\gsl.dir\Debug\mathieu_charv.obj
C:\Users\mochangming\Documents\Visual Studio 2010\Projects\shockwave\shockwave\gsl\build\gsl.dir\Debug\mathieu_coeff.obj
C:\Users\mochangming\Documents\Visual Studio 2010\Projects\shockwave\shockwave\gsl\build\gsl.dir\Debug\mathieu_radfunc.obj
C:\Users\mochangming\Documents\Visual Studio 2010\Projects\shockwave\shockwave\gsl\build\gsl.dir\Debug\mathieu_workspace.obj
C:\Users\mochangming\Documents\Visual Studio 2010\Projects\shockwave\shockwave\gsl\build\gsl.dir\Debug\matrix.obj
C:\USERS\MOCHANGMING\DOCUMENTS\VISUAL STUDIO 2010\PROJECTS\SHOCKWAVE\SHOCKWAVE\GSL\BUILD\GSL.DIR\DEBUG\MATRIX\COPY.C.OBJ
C:\USERS\MOCHANGMING\DOCUMENTS\VISUAL STUDIO 2010\PROJECTS\SHOCKWAVE\SHOCKWAVE\GSL\BUILD\GSL.DIR\DEBUG\MATRIX\FILE.C.OBJ
C:\USERS\MOCHANGMING\DOCUMENTS\VISUAL STUDIO 2010\PROJECTS\SHOCKWAVE\SHOCKWAVE\GSL\BUILD\GSL.DIR\DEBUG\MATRIX\GETSET.C.OBJ
C:\USERS\MOCHANGMING\DOCUMENTS\VISUAL STUDIO 2010\PROJECTS\SHOCKWAVE\SHOCKWAVE\GSL\BUILD\GSL.DIR\DEBUG\MATRIX\INIT.C.OBJ
C:\USERS\MOCHANGMING\DOCUMENTS\VISUAL STUDIO 2010\PROJECTS\SHOCKWAVE\SHOCKWAVE\GSL\BUILD\GSL.DIR\DEBUG\MATRIX\MINMAX.C.OBJ
C:\USERS\MOCHANGMING\DOCUMENTS\VISUAL STUDIO 2010\PROJECTS\SHOCKWAVE\SHOCKWAVE\GSL\BUILD\GSL.DIR\DEBUG\MATRIX\OPER.C.OBJ
C:\USERS\MOCHANGMING\DOCUMENTS\VISUAL STUDIO 2010\PROJECTS\SHOCKWAVE\SHOCKWAVE\GSL\BUILD\GSL.DIR\DEBUG\MATRIX\PROP.C.OBJ
C:\USERS\MOCHANGMING\DOCUMENTS\VISUAL STUDIO 2010\PROJECTS\SHOCKWAVE\SHOCKWAVE\GSL\BUILD\GSL.DIR\DEBUG\MATRIX\SWAP.C.OBJ
C:\USERS\MOCHANGMING\DOCUMENTS\VISUAL STUDIO 2010\PROJECTS\SHOCKWAVE\SHOCKWAVE\GSL\BUILD\GSL.DIR\DEBUG\MATRIX\VIEW.C.OBJ
C:\Users\mochangming\Documents\Visual Studio 2010\Projects\shockwave\shockwave\gsl\build\gsl.dir\Debug\maxval.obj
C:\Users\mochangming\Documents\Visual Studio 2010\Projects\shockwave\shockwave\gsl\build\gsl.dir\Debug\maxval2d.obj
C:\Users\mochangming\Documents\Visual Studio 2010\Projects\shockwave\shockwave\gsl\build\gsl.dir\Debug\mean.obj
C:\Users\mochangming\Documents\Visual Studio 2010\Projects\shockwave\shockwave\gsl\build\gsl.dir\Debug\medacc.obj
C:\Users\mochangming\Documents\Visual Studio 2010\Projects\shockwave\shockwave\gsl\build\gsl.dir\Debug\message.obj
C:\USERS\MOCHANGMING\DOCUMENTS\VISUAL STUDIO 2010\PROJECTS\SHOCKWAVE\SHOCKWAVE\GSL\BUILD\GSL.DIR\DEBUG\MIN\BRENT.C.OBJ
C:\USERS\MOCHANGMING\DOCUMENTS\VISUAL STUDIO 2010\PROJECTS\SHOCKWAVE\SHOCKWAVE\GSL\BUILD\GSL.DIR\DEBUG\MIN\CONVERGENCE.C.OBJ
C:\USERS\MOCHANGMING\DOCUMENTS\VISUAL STUDIO 2010\PROJECTS\SHOCKWAVE\SHOCKWAVE\GSL\BUILD\GSL.DIR\DEBUG\MIN\FSOLVER.C.OBJ
C:\Users\mochangming\Documents\Visual Studio 2010\Projects\shockwave\shockwave\gsl\build\gsl.dir\Debug\minstd.obj
C:\Users\mochangming\Documents\Visual Studio 2010\Projects\shockwave\shockwave\gsl\build\gsl.dir\Debug\miser.obj
C:\Users\mochangming\Documents\Visual Studio 2010\Projects\shockwave\shockwave\gsl\build\gsl.dir\Debug\mmacc.obj
C:\Users\mochangming\Documents\Visual Studio 2010\Projects\shockwave\shockwave\gsl\build\gsl.dir\Debug\movmad.obj
C:\Users\mochangming\Documents\Visual Studio 2010\Projects\shockwave\shockwave\gsl\build\gsl.dir\Debug\movmean.obj
C:\Users\mochangming\Documents\Visual Studio 2010\Projects\shockwave\shockwave\gsl\build\gsl.dir\Debug\movmedian.obj
C:\Users\mochangming\Documents\Visual Studio 2010\Projects\shockwave\shockwave\gsl\build\gsl.dir\Debug\movminmax.obj
C:\Users\mochangming\Documents\Visual Studio 2010\Projects\shockwave\shockwave\gsl\build\gsl.dir\Debug\movQn.obj
C:\Users\mochangming\Documents\Visual Studio 2010\Projects\shockwave\shockwave\gsl\build\gsl.dir\Debug\movqqr.obj
C:\Users\mochangming\Documents\Visual Studio 2010\Projects\shockwave\shockwave\gsl\build\gsl.dir\Debug\movSn.obj
C:\Users\mochangming\Documents\Visual Studio 2010\Projects\shockwave\shockwave\gsl\build\gsl.dir\Debug\movsum.obj
C:\Users\mochangming\Documents\Visual Studio 2010\Projects\shockwave\shockwave\gsl\build\gsl.dir\Debug\movvariance.obj
C:\Users\mochangming\Documents\Visual Studio 2010\Projects\shockwave\shockwave\gsl\build\gsl.dir\Debug\mrg.obj
C:\Users\mochangming\Documents\Visual Studio 2010\Projects\shockwave\shockwave\gsl\build\gsl.dir\Debug\msadams.obj
C:\Users\mochangming\Documents\Visual Studio 2010\Projects\shockwave\shockwave\gsl\build\gsl.dir\Debug\msbdf.obj
C:\Users\mochangming\Documents\Visual Studio 2010\Projects\shockwave\shockwave\gsl\build\gsl.dir\Debug\mt.obj
C:\USERS\MOCHANGMING\DOCUMENTS\VISUAL STUDIO 2010\PROJECTS\SHOCKWAVE\SHOCKWAVE\GSL\BUILD\GSL.DIR\DEBUG\MULTIFIT\CONVERGENCE.C.OBJ
C:\USERS\MOCHANGMING\DOCUMENTS\VISUAL STUDIO 2010\PROJECTS\SHOCKWAVE\SHOCKWAVE\GSL\BUILD\GSL.DIR\DEBUG\MULTIFIT\COVAR.C.OBJ
C:\USERS\MOCHANGMING\DOCUMENTS\VISUAL STUDIO 2010\PROJECTS\SHOCKWAVE\SHOCKWAVE\GSL\BUILD\GSL.DIR\DEBUG\MULTIFIT\FDFSOLVER.C.OBJ
C:\USERS\MOCHANGMING\DOCUMENTS\VISUAL STUDIO 2010\PROJECTS\SHOCKWAVE\SHOCKWAVE\GSL\BUILD\GSL.DIR\DEBUG\MULTIFIT\FDJAC.C.OBJ
C:\USERS\MOCHANGMING\DOCUMENTS\VISUAL STUDIO 2010\PROJECTS\SHOCKWAVE\SHOCKWAVE\GSL\BUILD\GSL.DIR\DEBUG\MULTIFIT\FSOLVER.C.OBJ
C:\USERS\MOCHANGMING\DOCUMENTS\VISUAL STUDIO 2010\PROJECTS\SHOCKWAVE\SHOCKWAVE\GSL\BUILD\GSL.DIR\DEBUG\MULTIFIT_NLINEAR\CHOLESKY.C.OBJ
C:\USERS\MOCHANGMING\DOCUMENTS\VISUAL STUDIO 2010\PROJECTS\SHOCKWAVE\SHOCKWAVE\GSL\BUILD\GSL.DIR\DEBUG\MULTIFIT_NLINEAR\CONVERGENCE.C.OBJ
C:\USERS\MOCHANGMING\DOCUMENTS\VISUAL STUDIO 2010\PROJECTS\SHOCKWAVE\SHOCKWAVE\GSL\BUILD\GSL.DIR\DEBUG\MULTIFIT_NLINEAR\COVAR.C.OBJ
C:\USERS\MOCHANGMING\DOCUMENTS\VISUAL STUDIO 2010\PROJECTS\SHOCKWAVE\SHOCKWAVE\GSL\BUILD\GSL.DIR\DEBUG\MULTIFIT_NLINEAR\DOGLEG.C.OBJ
C:\USERS\MOCHANGMING\DOCUMENTS\VISUAL STUDIO 2010\PROJECTS\SHOCKWAVE\SHOCKWAVE\GSL\BUILD\GSL.DIR\DEBUG\MULTIFIT_NLINEAR\FDF.C.OBJ
C:\USERS\MOCHANGMING\DOCUMENTS\VISUAL STUDIO 2010\PROJECTS\SHOCKWAVE\SHOCKWAVE\GSL\BUILD\GSL.DIR\DEBUG\MULTIFIT_NLINEAR\FDJAC.C.OBJ
C:\USERS\MOCHANGMING\DOCUMENTS\VISUAL STUDIO 2010\PROJECTS\SHOCKWAVE\SHOCKWAVE\GSL\BUILD\GSL.DIR\DEBUG\MULTIFIT_NLINEAR\LM.C.OBJ
C:\USERS\MOCHANGMING\DOCUMENTS\VISUAL STUDIO 2010\PROJECTS\SHOCKWAVE\SHOCKWAVE\GSL\BUILD\GSL.DIR\DEBUG\MULTIFIT_NLINEAR\MCHOLESKY.C.OBJ
C:\USERS\MOCHANGMING\DOCUMENTS\VISUAL STUDIO 2010\PROJECTS\SHOCKWAVE\SHOCKWAVE\GSL\BUILD\GSL.DIR\DEBUG\MULTIFIT_NLINEAR\QR.C.OBJ
C:\USERS\MOCHANGMING\DOCUMENTS\VISUAL STUDIO 2010\PROJECTS\SHOCKWAVE\SHOCKWAVE\GSL\BUILD\GSL.DIR\DEBUG\MULTIFIT_NLINEAR\SCALING.C.OBJ
C:\USERS\MOCHANGMING\DOCUMENTS\VISUAL STUDIO 2010\PROJECTS\SHOCKWAVE\SHOCKWAVE\GSL\BUILD\GSL.DIR\DEBUG\MULTIFIT_NLINEAR\SUBSPACE2D.C.OBJ
C:\USERS\MOCHANGMING\DOCUMENTS\VISUAL STUDIO 2010\PROJECTS\SHOCKWAVE\SHOCKWAVE\GSL\BUILD\GSL.DIR\DEBUG\MULTIFIT_NLINEAR\SVD.C.OBJ
C:\USERS\MOCHANGMING\DOCUMENTS\VISUAL STUDIO 2010\PROJECTS\SHOCKWAVE\SHOCKWAVE\GSL\BUILD\GSL.DIR\DEBUG\MULTIFIT_NLINEAR\TRUST.C.OBJ
C:\Users\mochangming\Documents\Visual Studio 2010\Projects\shockwave\shockwave\gsl\build\gsl.dir\Debug\multilarge.obj
C:\USERS\MOCHANGMING\DOCUMENTS\VISUAL STUDIO 2010\PROJECTS\SHOCKWAVE\SHOCKWAVE\GSL\BUILD\GSL.DIR\DEBUG\MULTILARGE_NLINEAR\CHOLESKY.C.OBJ
C:\USERS\MOCHANGMING\DOCUMENTS\VISUAL STUDIO 2010\PROJECTS\SHOCKWAVE\SHOCKWAVE\GSL\BUILD\GSL.DIR\DEBUG\MULTILARGE_NLINEAR\CONVERGENCE.C.OBJ
C:\USERS\MOCHANGMING\DOCUMENTS\VISUAL STUDIO 2010\PROJECTS\SHOCKWAVE\SHOCKWAVE\GSL\BUILD\GSL.DIR\DEBUG\MULTILARGE_NLINEAR\DOGLEG.C.OBJ
C:\USERS\MOCHANGMING\DOCUMENTS\VISUAL STUDIO 2010\PROJECTS\SHOCKWAVE\SHOCKWAVE\GSL\BUILD\GSL.DIR\DEBUG\MULTILARGE_NLINEAR\FDF.C.OBJ
C:\USERS\MOCHANGMING\DOCUMENTS\VISUAL STUDIO 2010\PROJECTS\SHOCKWAVE\SHOCKWAVE\GSL\BUILD\GSL.DIR\DEBUG\MULTILARGE_NLINEAR\LM.C.OBJ
C:\USERS\MOCHANGMING\DOCUMENTS\VISUAL STUDIO 2010\PROJECTS\SHOCKWAVE\SHOCKWAVE\GSL\BUILD\GSL.DIR\DEBUG\MULTILARGE_NLINEAR\MCHOLESKY.C.OBJ
C:\USERS\MOCHANGMING\DOCUMENTS\VISUAL STUDIO 2010\PROJECTS\SHOCKWAVE\SHOCKWAVE\GSL\BUILD\GSL.DIR\DEBUG\MULTILARGE_NLINEAR\SCALING.C.OBJ
C:\USERS\MOCHANGMING\DOCUMENTS\VISUAL STUDIO 2010\PROJECTS\SHOCKWAVE\SHOCKWAVE\GSL\BUILD\GSL.DIR\DEBUG\MULTILARGE_NLINEAR\SUBSPACE2D.C.OBJ
C:\USERS\MOCHANGMING\DOCUMENTS\VISUAL STUDIO 2010\PROJECTS\SHOCKWAVE\SHOCKWAVE\GSL\BUILD\GSL.DIR\DEBUG\MULTILARGE_NLINEAR\TRUST.C.OBJ
C:\Users\mochangming\Documents\Visual Studio 2010\Projects\shockwave\shockwave\gsl\build\gsl.dir\Debug\multilinear.obj
C:\USERS\MOCHANGMING\DOCUMENTS\VISUAL STUDIO 2010\PROJECTS\SHOCKWAVE\SHOCKWAVE\GSL\BUILD\GSL.DIR\DEBUG\MULTIMIN\CONVERGENCE.C.OBJ
C:\USERS\MOCHANGMING\DOCUMENTS\VISUAL STUDIO 2010\PROJECTS\SHOCKWAVE\SHOCKWAVE\GSL\BUILD\GSL.DIR\DEBUG\MULTIMIN\DIFF.C.OBJ
C:\Users\mochangming\Documents\Visual Studio 2010\Projects\shockwave\shockwave\gsl\build\gsl.dir\Debug\multinomial.obj
C:\Users\mochangming\Documents\Visual Studio 2010\Projects\shockwave\shockwave\gsl\build\gsl.dir\Debug\multiply.obj
C:\Users\mochangming\Documents\Visual Studio 2010\Projects\shockwave\shockwave\gsl\build\gsl.dir\Debug\multireg.obj
C:\Users\mochangming\Documents\Visual Studio 2010\Projects\shockwave\shockwave\gsl\build\gsl.dir\Debug\multirobust.obj
C:\USERS\MOCHANGMING\DOCUMENTS\VISUAL STUDIO 2010\PROJECTS\SHOCKWAVE\SHOCKWAVE\GSL\BUILD\GSL.DIR\DEBUG\MULTIROOTS\CONVERGENCE.C.OBJ
C:\USERS\MOCHANGMING\DOCUMENTS\VISUAL STUDIO 2010\PROJECTS\SHOCKWAVE\SHOCKWAVE\GSL\BUILD\GSL.DIR\DEBUG\MULTIROOTS\FDFSOLVER.C.OBJ
C:\USERS\MOCHANGMING\DOCUMENTS\VISUAL STUDIO 2010\PROJECTS\SHOCKWAVE\SHOCKWAVE\GSL\BUILD\GSL.DIR\DEBUG\MULTIROOTS\FDJAC.C.OBJ
C:\USERS\MOCHANGMING\DOCUMENTS\VISUAL STUDIO 2010\PROJECTS\SHOCKWAVE\SHOCKWAVE\GSL\BUILD\GSL.DIR\DEBUG\MULTIROOTS\FSOLVER.C.OBJ
C:\USERS\MOCHANGMING\DOCUMENTS\VISUAL STUDIO 2010\PROJECTS\SHOCKWAVE\SHOCKWAVE\GSL\BUILD\GSL.DIR\DEBUG\MULTIROOTS\NEWTON.C.OBJ
C:\Users\mochangming\Documents\Visual Studio 2010\Projects\shockwave\shockwave\gsl\build\gsl.dir\Debug\multiset.obj
C:\USERS\MOCHANGMING\DOCUMENTS\VISUAL STUDIO 2010\PROJECTS\SHOCKWAVE\SHOCKWAVE\GSL\BUILD\GSL.DIR\DEBUG\MULTISET\FILE.C.OBJ
C:\USERS\MOCHANGMING\DOCUMENTS\VISUAL STUDIO 2010\PROJECTS\SHOCKWAVE\SHOCKWAVE\GSL\BUILD\GSL.DIR\DEBUG\MULTISET\INIT.C.OBJ
C:\USERS\MOCHANGMING\DOCUMENTS\VISUAL STUDIO 2010\PROJECTS\SHOCKWAVE\SHOCKWAVE\GSL\BUILD\GSL.DIR\DEBUG\MULTISET\INLINE.C.OBJ
C:\Users\mochangming\Documents\Visual Studio 2010\Projects\shockwave\shockwave\gsl\build\gsl.dir\Debug\multiwlinear.obj
C:\Users\mochangming\Documents\Visual Studio 2010\Projects\shockwave\shockwave\gsl\build\gsl.dir\Debug\mvacc.obj
C:\Users\mochangming\Documents\Visual Studio 2010\Projects\shockwave\shockwave\gsl\build\gsl.dir\Debug\mvgauss.obj
C:\Users\mochangming\Documents\Visual Studio 2010\Projects\shockwave\shockwave\gsl\build\gsl.dir\Debug\niederreiter-2.obj
C:\Users\mochangming\Documents\Visual Studio 2010\Projects\shockwave\shockwave\gsl\build\gsl.dir\Debug\nonsymm.obj
C:\Users\mochangming\Documents\Visual Studio 2010\Projects\shockwave\shockwave\gsl\build\gsl.dir\Debug\nonsymmv.obj
C:\Users\mochangming\Documents\Visual Studio 2010\Projects\shockwave\shockwave\gsl\build\gsl.dir\Debug\normal.obj
C:\Users\mochangming\Documents\Visual Studio 2010\Projects\shockwave\shockwave\gsl\build\gsl.dir\Debug\ntuple.obj
C:\USERS\MOCHANGMING\DOCUMENTS\VISUAL STUDIO 2010\PROJECTS\SHOCKWAVE\SHOCKWAVE\GSL\BUILD\GSL.DIR\DEBUG\ODE-INITVAL\BSIMP.C.OBJ
C:\USERS\MOCHANGMING\DOCUMENTS\VISUAL STUDIO 2010\PROJECTS\SHOCKWAVE\SHOCKWAVE\GSL\BUILD\GSL.DIR\DEBUG\ODE-INITVAL\CONTROL.C.OBJ
C:\USERS\MOCHANGMING\DOCUMENTS\VISUAL STUDIO 2010\PROJECTS\SHOCKWAVE\SHOCKWAVE\GSL\BUILD\GSL.DIR\DEBUG\ODE-INITVAL\CSCAL.C.OBJ
C:\USERS\MOCHANGMING\DOCUMENTS\VISUAL STUDIO 2010\PROJECTS\SHOCKWAVE\SHOCKWAVE\GSL\BUILD\GSL.DIR\DEBUG\ODE-INITVAL\CSTD.C.OBJ
C:\USERS\MOCHANGMING\DOCUMENTS\VISUAL STUDIO 2010\PROJECTS\SHOCKWAVE\SHOCKWAVE\GSL\BUILD\GSL.DIR\DEBUG\ODE-INITVAL\EVOLVE.C.OBJ
C:\USERS\MOCHANGMING\DOCUMENTS\VISUAL STUDIO 2010\PROJECTS\SHOCKWAVE\SHOCKWAVE\GSL\BUILD\GSL.DIR\DEBUG\ODE-INITVAL\RK2.C.OBJ
C:\USERS\MOCHANGMING\DOCUMENTS\VISUAL STUDIO 2010\PROJECTS\SHOCKWAVE\SHOCKWAVE\GSL\BUILD\GSL.DIR\DEBUG\ODE-INITVAL\RK2IMP.C.OBJ
C:\USERS\MOCHANGMING\DOCUMENTS\VISUAL STUDIO 2010\PROJECTS\SHOCKWAVE\SHOCKWAVE\GSL\BUILD\GSL.DIR\DEBUG\ODE-INITVAL\RK4.C.OBJ
C:\USERS\MOCHANGMING\DOCUMENTS\VISUAL STUDIO 2010\PROJECTS\SHOCKWAVE\SHOCKWAVE\GSL\BUILD\GSL.DIR\DEBUG\ODE-INITVAL\RK4IMP.C.OBJ
C:\USERS\MOCHANGMING\DOCUMENTS\VISUAL STUDIO 2010\PROJECTS\SHOCKWAVE\SHOCKWAVE\GSL\BUILD\GSL.DIR\DEBUG\ODE-INITVAL\RK8PD.C.OBJ
C:\USERS\MOCHANGMING\DOCUMENTS\VISUAL STUDIO 2010\PROJECTS\SHOCKWAVE\SHOCKWAVE\GSL\BUILD\GSL.DIR\DEBUG\ODE-INITVAL\RKCK.C.OBJ
C:\USERS\MOCHANGMING\DOCUMENTS\VISUAL STUDIO 2010\PROJECTS\SHOCKWAVE\SHOCKWAVE\GSL\BUILD\GSL.DIR\DEBUG\ODE-INITVAL\RKF45.C.OBJ
C:\USERS\MOCHANGMING\DOCUMENTS\VISUAL STUDIO 2010\PROJECTS\SHOCKWAVE\SHOCKWAVE\GSL\BUILD\GSL.DIR\DEBUG\ODE-INITVAL\STEP.C.OBJ
C:\USERS\MOCHANGMING\DOCUMENTS\VISUAL STUDIO 2010\PROJECTS\SHOCKWAVE\SHOCKWAVE\GSL\BUILD\GSL.DIR\DEBUG\ODE-INITVAL2\BSIMP.C.OBJ
C:\USERS\MOCHANGMING\DOCUMENTS\VISUAL STUDIO 2010\PROJECTS\SHOCKWAVE\SHOCKWAVE\GSL\BUILD\GSL.DIR\DEBUG\ODE-INITVAL2\CONTROL.C.OBJ
C:\USERS\MOCHANGMING\DOCUMENTS\VISUAL STUDIO 2010\PROJECTS\SHOCKWAVE\SHOCKWAVE\GSL\BUILD\GSL.DIR\DEBUG\ODE-INITVAL2\CSCAL.C.OBJ
C:\USERS\MOCHANGMING\DOCUMENTS\VISUAL STUDIO 2010\PROJECTS\SHOCKWAVE\SHOCKWAVE\GSL\BUILD\GSL.DIR\DEBUG\ODE-INITVAL2\CSTD.C.OBJ
C:\USERS\MOCHANGMING\DOCUMENTS\VISUAL STUDIO 2010\PROJECTS\SHOCKWAVE\SHOCKWAVE\GSL\BUILD\GSL.DIR\DEBUG\ODE-INITVAL2\EVOLVE.C.OBJ
C:\USERS\MOCHANGMING\DOCUMENTS\VISUAL STUDIO 2010\PROJECTS\SHOCKWAVE\SHOCKWAVE\GSL\BUILD\GSL.DIR\DEBUG\ODE-INITVAL2\RK2.C.OBJ
C:\USERS\MOCHANGMING\DOCUMENTS\VISUAL STUDIO 2010\PROJECTS\SHOCKWAVE\SHOCKWAVE\GSL\BUILD\GSL.DIR\DEBUG\ODE-INITVAL2\RK2IMP.C.OBJ
C:\USERS\MOCHANGMING\DOCUMENTS\VISUAL STUDIO 2010\PROJECTS\SHOCKWAVE\SHOCKWAVE\GSL\BUILD\GSL.DIR\DEBUG\ODE-INITVAL2\RK4.C.OBJ
C:\USERS\MOCHANGMING\DOCUMENTS\VISUAL STUDIO 2010\PROJECTS\SHOCKWAVE\SHOCKWAVE\GSL\BUILD\GSL.DIR\DEBUG\ODE-INITVAL2\RK4IMP.C.OBJ
C:\USERS\MOCHANGMING\DOCUMENTS\VISUAL STUDIO 2010\PROJECTS\SHOCKWAVE\SHOCKWAVE\GSL\BUILD\GSL.DIR\DEBUG\ODE-INITVAL2\RK8PD.C.OBJ
C:\USERS\MOCHANGMING\DOCUMENTS\VISUAL STUDIO 2010\PROJECTS\SHOCKWAVE\SHOCKWAVE\GSL\BUILD\GSL.DIR\DEBUG\ODE-INITVAL2\RKCK.C.OBJ
C:\USERS\MOCHANGMING\DOCUMENTS\VISUAL STUDIO 2010\PROJECTS\SHOCKWAVE\SHOCKWAVE\GSL\BUILD\GSL.DIR\DEBUG\ODE-INITVAL2\RKF45.C.OBJ
C:\USERS\MOCHANGMING\DOCUMENTS\VISUAL STUDIO 2010\PROJECTS\SHOCKWAVE\SHOCKWAVE\GSL\BUILD\GSL.DIR\DEBUG\ODE-INITVAL2\STEP.C.OBJ
C:\Users\mochangming\Documents\Visual Studio 2010\Projects\shockwave\shockwave\gsl\build\gsl.dir\Debug\oper2d.obj
C:\Users\mochangming\Documents\Visual Studio 2010\Projects\shockwave\shockwave\gsl\build\gsl.dir\Debug\p_variance.obj
C:\Users\mochangming\Documents\Visual Studio 2010\Projects\shockwave\shockwave\gsl\build\gsl.dir\Debug\params.obj
C:\Users\mochangming\Documents\Visual Studio 2010\Projects\shockwave\shockwave\gsl\build\gsl.dir\Debug\params2d.obj
C:\Users\mochangming\Documents\Visual Studio 2010\Projects\shockwave\shockwave\gsl\build\gsl.dir\Debug\paretoinv.obj
C:\Users\mochangming\Documents\Visual Studio 2010\Projects\shockwave\shockwave\gsl\build\gsl.dir\Debug\pcholesky.obj
C:\Users\mochangming\Documents\Visual Studio 2010\Projects\shockwave\shockwave\gsl\build\gsl.dir\Debug\pdf.obj
C:\Users\mochangming\Documents\Visual Studio 2010\Projects\shockwave\shockwave\gsl\build\gsl.dir\Debug\pdf2d.obj
C:\Users\mochangming\Documents\Visual Studio 2010\Projects\shockwave\shockwave\gsl\build\gsl.dir\Debug\permutation.obj
C:\USERS\MOCHANGMING\DOCUMENTS\VISUAL STUDIO 2010\PROJECTS\SHOCKWAVE\SHOCKWAVE\GSL\BUILD\GSL.DIR\DEBUG\PERMUTATION\FILE.C.OBJ
C:\USERS\MOCHANGMING\DOCUMENTS\VISUAL STUDIO 2010\PROJECTS\SHOCKWAVE\SHOCKWAVE\GSL\BUILD\GSL.DIR\DEBUG\PERMUTATION\INIT.C.OBJ
C:\USERS\MOCHANGMING\DOCUMENTS\VISUAL STUDIO 2010\PROJECTS\SHOCKWAVE\SHOCKWAVE\GSL\BUILD\GSL.DIR\DEBUG\PERMUTATION\INLINE.C.OBJ
C:\Users\mochangming\Documents\Visual Studio 2010\Projects\shockwave\shockwave\gsl\build\gsl.dir\Debug\permute.obj
C:\Users\mochangming\Documents\Visual Studio 2010\Projects\shockwave\shockwave\gsl\build\gsl.dir\Debug\placeholder.obj
C:\Users\mochangming\Documents\Visual Studio 2010\Projects\shockwave\shockwave\gsl\build\gsl.dir\Debug\plain.obj
C:\Users\mochangming\Documents\Visual Studio 2010\Projects\shockwave\shockwave\gsl\build\gsl.dir\Debug\poch.obj
C:\Users\mochangming\Documents\Visual Studio 2010\Projects\shockwave\shockwave\gsl\build\gsl.dir\Debug\poly.obj
C:\USERS\MOCHANGMING\DOCUMENTS\VISUAL STUDIO 2010\PROJECTS\SHOCKWAVE\SHOCKWAVE\GSL\BUILD\GSL.DIR\DEBUG\POLY\DERIV.C.OBJ
C:\USERS\MOCHANGMING\DOCUMENTS\VISUAL STUDIO 2010\PROJECTS\SHOCKWAVE\SHOCKWAVE\GSL\BUILD\GSL.DIR\DEBUG\POLY\EVAL.C.OBJ
C:\Users\mochangming\Documents\Visual Studio 2010\Projects\shockwave\shockwave\gsl\build\gsl.dir\Debug\prec.obj
C:\Users\mochangming\Documents\Visual Studio 2010\Projects\shockwave\shockwave\gsl\build\gsl.dir\Debug\print.obj
C:\Users\mochangming\Documents\Visual Studio 2010\Projects\shockwave\shockwave\gsl\build\gsl.dir\Debug\psi.obj
C:\Users\mochangming\Documents\Visual Studio 2010\Projects\shockwave\shockwave\gsl\build\gsl.dir\Debug\ptlq.obj
C:\Users\mochangming\Documents\Visual Studio 2010\Projects\shockwave\shockwave\gsl\build\gsl.dir\Debug\qag.obj
C:\Users\mochangming\Documents\Visual Studio 2010\Projects\shockwave\shockwave\gsl\build\gsl.dir\Debug\qagp.obj
C:\Users\mochangming\Documents\Visual Studio 2010\Projects\shockwave\shockwave\gsl\build\gsl.dir\Debug\qags.obj
C:\Users\mochangming\Documents\Visual Studio 2010\Projects\shockwave\shockwave\gsl\build\gsl.dir\Debug\qawc.obj
C:\Users\mochangming\Documents\Visual Studio 2010\Projects\shockwave\shockwave\gsl\build\gsl.dir\Debug\qawf.obj
C:\Users\mochangming\Documents\Visual Studio 2010\Projects\shockwave\shockwave\gsl\build\gsl.dir\Debug\qawo.obj
C:\Users\mochangming\Documents\Visual Studio 2010\Projects\shockwave\shockwave\gsl\build\gsl.dir\Debug\qaws.obj
C:\Users\mochangming\Documents\Visual Studio 2010\Projects\shockwave\shockwave\gsl\build\gsl.dir\Debug\qcheb.obj
C:\Users\mochangming\Documents\Visual Studio 2010\Projects\shockwave\shockwave\gsl\build\gsl.dir\Debug\qk.obj
C:\Users\mochangming\Documents\Visual Studio 2010\Projects\shockwave\shockwave\gsl\build\gsl.dir\Debug\qk15.obj
C:\Users\mochangming\Documents\Visual Studio 2010\Projects\shockwave\shockwave\gsl\build\gsl.dir\Debug\qk21.obj
C:\Users\mochangming\Documents\Visual Studio 2010\Projects\shockwave\shockwave\gsl\build\gsl.dir\Debug\qk31.obj
C:\Users\mochangming\Documents\Visual Studio 2010\Projects\shockwave\shockwave\gsl\build\gsl.dir\Debug\qk41.obj
C:\Users\mochangming\Documents\Visual Studio 2010\Projects\shockwave\shockwave\gsl\build\gsl.dir\Debug\qk51.obj
C:\Users\mochangming\Documents\Visual Studio 2010\Projects\shockwave\shockwave\gsl\build\gsl.dir\Debug\qk61.obj
C:\Users\mochangming\Documents\Visual Studio 2010\Projects\shockwave\shockwave\gsl\build\gsl.dir\Debug\ql.obj
C:\Users\mochangming\Documents\Visual Studio 2010\Projects\shockwave\shockwave\gsl\build\gsl.dir\Debug\qmomo.obj
C:\Users\mochangming\Documents\Visual Studio 2010\Projects\shockwave\shockwave\gsl\build\gsl.dir\Debug\qmomof.obj
C:\Users\mochangming\Documents\Visual Studio 2010\Projects\shockwave\shockwave\gsl\build\gsl.dir\Debug\Qn.obj
C:\Users\mochangming\Documents\Visual Studio 2010\Projects\shockwave\shockwave\gsl\build\gsl.dir\Debug\qnacc.obj
C:\Users\mochangming\Documents\Visual Studio 2010\Projects\shockwave\shockwave\gsl\build\gsl.dir\Debug\qng.obj
C:\Users\mochangming\Documents\Visual Studio 2010\Projects\shockwave\shockwave\gsl\build\gsl.dir\Debug\qqracc.obj
C:\Users\mochangming\Documents\Visual Studio 2010\Projects\shockwave\shockwave\gsl\build\gsl.dir\Debug\qr_band.obj
C:\Users\mochangming\Documents\Visual Studio 2010\Projects\shockwave\shockwave\gsl\build\gsl.dir\Debug\qr_ud.obj
C:\Users\mochangming\Documents\Visual Studio 2010\Projects\shockwave\shockwave\gsl\build\gsl.dir\Debug\qr_ur.obj
C:\Users\mochangming\Documents\Visual Studio 2010\Projects\shockwave\shockwave\gsl\build\gsl.dir\Debug\qr_uu.obj
C:\Users\mochangming\Documents\Visual Studio 2010\Projects\shockwave\shockwave\gsl\build\gsl.dir\Debug\qr_uz.obj
C:\Users\mochangming\Documents\Visual Studio 2010\Projects\shockwave\shockwave\gsl\build\gsl.dir\Debug\qrc.obj
C:\Users\mochangming\Documents\Visual Studio 2010\Projects\shockwave\shockwave\gsl\build\gsl.dir\Debug\qrng.obj
C:\USERS\MOCHANGMING\DOCUMENTS\VISUAL STUDIO 2010\PROJECTS\SHOCKWAVE\SHOCKWAVE\GSL\BUILD\GSL.DIR\DEBUG\QRNG\INLINE.C.OBJ
C:\Users\mochangming\Documents\Visual Studio 2010\Projects\shockwave\shockwave\gsl\build\gsl.dir\Debug\qrpt.obj
C:\Users\mochangming\Documents\Visual Studio 2010\Projects\shockwave\shockwave\gsl\build\gsl.dir\Debug\quad_golden.obj
C:\Users\mochangming\Documents\Visual Studio 2010\Projects\shockwave\shockwave\gsl\build\gsl.dir\Debug\quantiles.obj
C:\Users\mochangming\Documents\Visual Studio 2010\Projects\shockwave\shockwave\gsl\build\gsl.dir\Debug\r250.obj
C:\Users\mochangming\Documents\Visual Studio 2010\Projects\shockwave\shockwave\gsl\build\gsl.dir\Debug\ran0.obj
C:\Users\mochangming\Documents\Visual Studio 2010\Projects\shockwave\shockwave\gsl\build\gsl.dir\Debug\ran1.obj
C:\Users\mochangming\Documents\Visual Studio 2010\Projects\shockwave\shockwave\gsl\build\gsl.dir\Debug\ran2.obj
C:\Users\mochangming\Documents\Visual Studio 2010\Projects\shockwave\shockwave\gsl\build\gsl.dir\Debug\ran3.obj
C:\Users\mochangming\Documents\Visual Studio 2010\Projects\shockwave\shockwave\gsl\build\gsl.dir\Debug\rand.obj
C:\Users\mochangming\Documents\Visual Studio 2010\Projects\shockwave\shockwave\gsl\build\gsl.dir\Debug\rand48.obj
C:\USERS\MOCHANGMING\DOCUMENTS\VISUAL STUDIO 2010\PROJECTS\SHOCKWAVE\SHOCKWAVE\GSL\BUILD\GSL.DIR\DEBUG\RANDIST\BETA.C.OBJ
C:\USERS\MOCHANGMING\DOCUMENTS\VISUAL STUDIO 2010\PROJECTS\SHOCKWAVE\SHOCKWAVE\GSL\BUILD\GSL.DIR\DEBUG\RANDIST\BINOMIAL.C.OBJ
C:\USERS\MOCHANGMING\DOCUMENTS\VISUAL STUDIO 2010\PROJECTS\SHOCKWAVE\SHOCKWAVE\GSL\BUILD\GSL.DIR\DEBUG\RANDIST\CAUCHY.C.OBJ
C:\USERS\MOCHANGMING\DOCUMENTS\VISUAL STUDIO 2010\PROJECTS\SHOCKWAVE\SHOCKWAVE\GSL\BUILD\GSL.DIR\DEBUG\RANDIST\CHISQ.C.OBJ
C:\USERS\MOCHANGMING\DOCUMENTS\VISUAL STUDIO 2010\PROJECTS\SHOCKWAVE\SHOCKWAVE\GSL\BUILD\GSL.DIR\DEBUG\RANDIST\EXPONENTIAL.C.OBJ
C:\USERS\MOCHANGMING\DOCUMENTS\VISUAL STUDIO 2010\PROJECTS\SHOCKWAVE\SHOCKWAVE\GSL\BUILD\GSL.DIR\DEBUG\RANDIST\EXPPOW.C.OBJ
C:\USERS\MOCHANGMING\DOCUMENTS\VISUAL STUDIO 2010\PROJECTS\SHOCKWAVE\SHOCKWAVE\GSL\BUILD\GSL.DIR\DEBUG\RANDIST\FDIST.C.OBJ
C:\USERS\MOCHANGMING\DOCUMENTS\VISUAL STUDIO 2010\PROJECTS\SHOCKWAVE\SHOCKWAVE\GSL\BUILD\GSL.DIR\DEBUG\RANDIST\FLAT.C.OBJ
C:\USERS\MOCHANGMING\DOCUMENTS\VISUAL STUDIO 2010\PROJECTS\SHOCKWAVE\SHOCKWAVE\GSL\BUILD\GSL.DIR\DEBUG\RANDIST\GAMMA.C.OBJ
C:\USERS\MOCHANGMING\DOCUMENTS\VISUAL STUDIO 2010\PROJECTS\SHOCKWAVE\SHOCKWAVE\GSL\BUILD\GSL.DIR\DEBUG\RANDIST\GAUSS.C.OBJ
C:\USERS\MOCHANGMING\DOCUMENTS\VISUAL STUDIO 2010\PROJECTS\SHOCKWAVE\SHOCKWAVE\GSL\BUILD\GSL.DIR\DEBUG\RANDIST\GEOMETRIC.C.OBJ
C:\USERS\MOCHANGMING\DOCUMENTS\VISUAL STUDIO 2010\PROJECTS\SHOCKWAVE\SHOCKWAVE\GSL\BUILD\GSL.DIR\DEBUG\RANDIST\HYPERG.C.OBJ
C:\USERS\MOCHANGMING\DOCUMENTS\VISUAL STUDIO 2010\PROJECTS\SHOCKWAVE\SHOCKWAVE\GSL\BUILD\GSL.DIR\DEBUG\RANDIST\LAPLACE.C.OBJ
C:\USERS\MOCHANGMING\DOCUMENTS\VISUAL STUDIO 2010\PROJECTS\SHOCKWAVE\SHOCKWAVE\GSL\BUILD\GSL.DIR\DEBUG\RANDIST\LOGISTIC.C.OBJ
C:\USERS\MOCHANGMING\DOCUMENTS\VISUAL STUDIO 2010\PROJECTS\SHOCKWAVE\SHOCKWAVE\GSL\BUILD\GSL.DIR\DEBUG\RANDIST\LOGNORMAL.C.OBJ
C:\USERS\MOCHANGMING\DOCUMENTS\VISUAL STUDIO 2010\PROJECTS\SHOCKWAVE\SHOCKWAVE\GSL\BUILD\GSL.DIR\DEBUG\RANDIST\NBINOMIAL.C.OBJ
C:\USERS\MOCHANGMING\DOCUMENTS\VISUAL STUDIO 2010\PROJECTS\SHOCKWAVE\SHOCKWAVE\GSL\BUILD\GSL.DIR\DEBUG\RANDIST\PARETO.C.OBJ
C:\USERS\MOCHANGMING\DOCUMENTS\VISUAL STUDIO 2010\PROJECTS\SHOCKWAVE\SHOCKWAVE\GSL\BUILD\GSL.DIR\DEBUG\RANDIST\PASCAL.C.OBJ
C:\USERS\MOCHANGMING\DOCUMENTS\VISUAL STUDIO 2010\PROJECTS\SHOCKWAVE\SHOCKWAVE\GSL\BUILD\GSL.DIR\DEBUG\RANDIST\POISSON.C.OBJ
C:\USERS\MOCHANGMING\DOCUMENTS\VISUAL STUDIO 2010\PROJECTS\SHOCKWAVE\SHOCKWAVE\GSL\BUILD\GSL.DIR\DEBUG\RANDIST\RAYLEIGH.C.OBJ
C:\USERS\MOCHANGMING\DOCUMENTS\VISUAL STUDIO 2010\PROJECTS\SHOCKWAVE\SHOCKWAVE\GSL\BUILD\GSL.DIR\DEBUG\RANDIST\TDIST.C.OBJ
C:\USERS\MOCHANGMING\DOCUMENTS\VISUAL STUDIO 2010\PROJECTS\SHOCKWAVE\SHOCKWAVE\GSL\BUILD\GSL.DIR\DEBUG\RANDIST\WEIBULL.C.OBJ
C:\Users\mochangming\Documents\Visual Studio 2010\Projects\shockwave\shockwave\gsl\build\gsl.dir\Debug\random.obj
C:\Users\mochangming\Documents\Visual Studio 2010\Projects\shockwave\shockwave\gsl\build\gsl.dir\Debug\randu.obj
C:\Users\mochangming\Documents\Visual Studio 2010\Projects\shockwave\shockwave\gsl\build\gsl.dir\Debug\ranf.obj
C:\Users\mochangming\Documents\Visual Studio 2010\Projects\shockwave\shockwave\gsl\build\gsl.dir\Debug\ranlux.obj
C:\Users\mochangming\Documents\Visual Studio 2010\Projects\shockwave\shockwave\gsl\build\gsl.dir\Debug\ranlxd.obj
C:\Users\mochangming\Documents\Visual Studio 2010\Projects\shockwave\shockwave\gsl\build\gsl.dir\Debug\ranlxs.obj
C:\Users\mochangming\Documents\Visual Studio 2010\Projects\shockwave\shockwave\gsl\build\gsl.dir\Debug\ranmar.obj
C:\Users\mochangming\Documents\Visual Studio 2010\Projects\shockwave\shockwave\gsl\build\gsl.dir\Debug\rational.obj
C:\Users\mochangming\Documents\Visual Studio 2010\Projects\shockwave\shockwave\gsl\build\gsl.dir\Debug\rayleighinv.obj
C:\Users\mochangming\Documents\Visual Studio 2010\Projects\shockwave\shockwave\gsl\build\gsl.dir\Debug\rb.obj
C:\Users\mochangming\Documents\Visual Studio 2010\Projects\shockwave\shockwave\gsl\build\gsl.dir\Debug\read.obj
C:\Users\mochangming\Documents\Visual Studio 2010\Projects\shockwave\shockwave\gsl\build\gsl.dir\Debug\reim.obj
C:\Users\mochangming\Documents\Visual Studio 2010\Projects\shockwave\shockwave\gsl\build\gsl.dir\Debug\reset.obj
C:\Users\mochangming\Documents\Visual Studio 2010\Projects\shockwave\shockwave\gsl\build\gsl.dir\Debug\reset2d.obj
C:\Users\mochangming\Documents\Visual Studio 2010\Projects\shockwave\shockwave\gsl\build\gsl.dir\Debug\result.obj
C:\Users\mochangming\Documents\Visual Studio 2010\Projects\shockwave\shockwave\gsl\build\gsl.dir\Debug\results.obj
C:\Users\mochangming\Documents\Visual Studio 2010\Projects\shockwave\shockwave\gsl\build\gsl.dir\Debug\reversehalton.obj
C:\Users\mochangming\Documents\Visual Studio 2010\Projects\shockwave\shockwave\gsl\build\gsl.dir\Debug\rk1imp.obj
C:\Users\mochangming\Documents\Visual Studio 2010\Projects\shockwave\shockwave\gsl\build\gsl.dir\Debug\rk2simp.obj
C:\Users\mochangming\Documents\Visual Studio 2010\Projects\shockwave\shockwave\gsl\build\gsl.dir\Debug\rmedian.obj
C:\Users\mochangming\Documents\Visual Studio 2010\Projects\shockwave\shockwave\gsl\build\gsl.dir\Debug\rng.obj
C:\USERS\MOCHANGMING\DOCUMENTS\VISUAL STUDIO 2010\PROJECTS\SHOCKWAVE\SHOCKWAVE\GSL\BUILD\GSL.DIR\DEBUG\RNG\FILE.C.OBJ
C:\USERS\MOCHANGMING\DOCUMENTS\VISUAL STUDIO 2010\PROJECTS\SHOCKWAVE\SHOCKWAVE\GSL\BUILD\GSL.DIR\DEBUG\RNG\INLINE.C.OBJ
C:\Users\mochangming\Documents\Visual Studio 2010\Projects\shockwave\shockwave\gsl\build\gsl.dir\Debug\robust_wfun.obj
C:\Users\mochangming\Documents\Visual Studio 2010\Projects\shockwave\shockwave\gsl\build\gsl.dir\Debug\romberg.obj
C:\USERS\MOCHANGMING\DOCUMENTS\VISUAL STUDIO 2010\PROJECTS\SHOCKWAVE\SHOCKWAVE\GSL\BUILD\GSL.DIR\DEBUG\ROOTS\BRENT.C.OBJ
C:\USERS\MOCHANGMING\DOCUMENTS\VISUAL STUDIO 2010\PROJECTS\SHOCKWAVE\SHOCKWAVE\GSL\BUILD\GSL.DIR\DEBUG\ROOTS\CONVERGENCE.C.OBJ
C:\USERS\MOCHANGMING\DOCUMENTS\VISUAL STUDIO 2010\PROJECTS\SHOCKWAVE\SHOCKWAVE\GSL\BUILD\GSL.DIR\DEBUG\ROOTS\FDFSOLVER.C.OBJ
C:\USERS\MOCHANGMING\DOCUMENTS\VISUAL STUDIO 2010\PROJECTS\SHOCKWAVE\SHOCKWAVE\GSL\BUILD\GSL.DIR\DEBUG\ROOTS\FSOLVER.C.OBJ
C:\USERS\MOCHANGMING\DOCUMENTS\VISUAL STUDIO 2010\PROJECTS\SHOCKWAVE\SHOCKWAVE\GSL\BUILD\GSL.DIR\DEBUG\ROOTS\NEWTON.C.OBJ
C:\Users\mochangming\Documents\Visual Studio 2010\Projects\shockwave\shockwave\gsl\build\gsl.dir\Debug\rowcol.obj
C:\Users\mochangming\Documents\Visual Studio 2010\Projects\shockwave\shockwave\gsl\build\gsl.dir\Debug\rqr.obj
C:\Users\mochangming\Documents\Visual Studio 2010\Projects\shockwave\shockwave\gsl\build\gsl.dir\Debug\rqrc.obj
C:\Users\mochangming\Documents\Visual Studio 2010\Projects\shockwave\shockwave\gsl\build\gsl.dir\Debug\rquantile.obj
C:\Users\mochangming\Documents\Visual Studio 2010\Projects\shockwave\shockwave\gsl\build\gsl.dir\Debug\rstat.obj
C:\Users\mochangming\Documents\Visual Studio 2010\Projects\shockwave\shockwave\gsl\build\gsl.dir\Debug\schur.obj
C:\Users\mochangming\Documents\Visual Studio 2010\Projects\shockwave\shockwave\gsl\build\gsl.dir\Debug\secant.obj
C:\Users\mochangming\Documents\Visual Studio 2010\Projects\shockwave\shockwave\gsl\build\gsl.dir\Debug\select.obj
C:\Users\mochangming\Documents\Visual Studio 2010\Projects\shockwave\shockwave\gsl\build\gsl.dir\Debug\shint.obj
C:\Users\mochangming\Documents\Visual Studio 2010\Projects\shockwave\shockwave\gsl\build\gsl.dir\Debug\shuffle.obj
C:\Users\mochangming\Documents\Visual Studio 2010\Projects\shockwave\shockwave\gsl\build\gsl.dir\Debug\siman.obj
C:\Users\mochangming\Documents\Visual Studio 2010\Projects\shockwave\shockwave\gsl\build\gsl.dir\Debug\simplex.obj
C:\Users\mochangming\Documents\Visual Studio 2010\Projects\shockwave\shockwave\gsl\build\gsl.dir\Debug\simplex2.obj
C:\Users\mochangming\Documents\Visual Studio 2010\Projects\shockwave\shockwave\gsl\build\gsl.dir\Debug\sincos_pi.obj
C:\Users\mochangming\Documents\Visual Studio 2010\Projects\shockwave\shockwave\gsl\build\gsl.dir\Debug\sinint.obj
C:\Users\mochangming\Documents\Visual Studio 2010\Projects\shockwave\shockwave\gsl\build\gsl.dir\Debug\skew.obj
C:\Users\mochangming\Documents\Visual Studio 2010\Projects\shockwave\shockwave\gsl\build\gsl.dir\Debug\slatec.obj
C:\Users\mochangming\Documents\Visual Studio 2010\Projects\shockwave\shockwave\gsl\build\gsl.dir\Debug\Sn.obj
C:\Users\mochangming\Documents\Visual Studio 2010\Projects\shockwave\shockwave\gsl\build\gsl.dir\Debug\snacc.obj
C:\Users\mochangming\Documents\Visual Studio 2010\Projects\shockwave\shockwave\gsl\build\gsl.dir\Debug\sobol.obj
C:\Users\mochangming\Documents\Visual Studio 2010\Projects\shockwave\shockwave\gsl\build\gsl.dir\Debug\solve_cubic.obj
C:\Users\mochangming\Documents\Visual Studio 2010\Projects\shockwave\shockwave\gsl\build\gsl.dir\Debug\solve_quadratic.obj
C:\USERS\MOCHANGMING\DOCUMENTS\VISUAL STUDIO 2010\PROJECTS\SHOCKWAVE\SHOCKWAVE\GSL\BUILD\GSL.DIR\DEBUG\SORT\SORT.C.OBJ
C:\Users\mochangming\Documents\Visual Studio 2010\Projects\shockwave\shockwave\gsl\build\gsl.dir\Debug\sortind.obj
C:\Users\mochangming\Documents\Visual Studio 2010\Projects\shockwave\shockwave\gsl\build\gsl.dir\Debug\sortvec.obj
C:\Users\mochangming\Documents\Visual Studio 2010\Projects\shockwave\shockwave\gsl\build\gsl.dir\Debug\sortvecind.obj
C:\Users\mochangming\Documents\Visual Studio 2010\Projects\shockwave\shockwave\gsl\build\gsl.dir\Debug\spdgemm.obj
C:\Users\mochangming\Documents\Visual Studio 2010\Projects\shockwave\shockwave\gsl\build\gsl.dir\Debug\spdgemv.obj
C:\USERS\MOCHANGMING\DOCUMENTS\VISUAL STUDIO 2010\PROJECTS\SHOCKWAVE\SHOCKWAVE\GSL\BUILD\GSL.DIR\DEBUG\SPECFUNC\BETA.C.OBJ
C:\USERS\MOCHANGMING\DOCUMENTS\VISUAL STUDIO 2010\PROJECTS\SHOCKWAVE\SHOCKWAVE\GSL\BUILD\GSL.DIR\DEBUG\SPECFUNC\GAMMA.C.OBJ
C:\USERS\MOCHANGMING\DOCUMENTS\VISUAL STUDIO 2010\PROJECTS\SHOCKWAVE\SHOCKWAVE\GSL\BUILD\GSL.DIR\DEBUG\SPECFUNC\GEGENBAUER.C.OBJ
C:\USERS\MOCHANGMING\DOCUMENTS\VISUAL STUDIO 2010\PROJECTS\SHOCKWAVE\SHOCKWAVE\GSL\BUILD\GSL.DIR\DEBUG\SPECFUNC\HERMITE.C.OBJ
C:\USERS\MOCHANGMING\DOCUMENTS\VISUAL STUDIO 2010\PROJECTS\SHOCKWAVE\SHOCKWAVE\GSL\BUILD\GSL.DIR\DEBUG\SPECFUNC\HYPERG.C.OBJ
C:\USERS\MOCHANGMING\DOCUMENTS\VISUAL STUDIO 2010\PROJECTS\SHOCKWAVE\SHOCKWAVE\GSL\BUILD\GSL.DIR\DEBUG\SPECFUNC\INLINE.C.OBJ
C:\USERS\MOCHANGMING\DOCUMENTS\VISUAL STUDIO 2010\PROJECTS\SHOCKWAVE\SHOCKWAVE\GSL\BUILD\GSL.DIR\DEBUG\SPECFUNC\LAGUERRE.C.OBJ
C:\USERS\MOCHANGMING\DOCUMENTS\VISUAL STUDIO 2010\PROJECTS\SHOCKWAVE\SHOCKWAVE\GSL\BUILD\GSL.DIR\DEBUG\SPECFUNC\POW_INT.C.OBJ
C:\Users\mochangming\Documents\Visual Studio 2010\Projects\shockwave\shockwave\gsl\build\gsl.dir\Debug\sphere.obj
C:\Users\mochangming\Documents\Visual Studio 2010\Projects\shockwave\shockwave\gsl\build\gsl.dir\Debug\spline.obj
C:\Users\mochangming\Documents\Visual Studio 2010\Projects\shockwave\shockwave\gsl\build\gsl.dir\Debug\spline2d.obj
C:\USERS\MOCHANGMING\DOCUMENTS\VISUAL STUDIO 2010\PROJECTS\SHOCKWAVE\SHOCKWAVE\GSL\BUILD\GSL.DIR\DEBUG\SPMATRIX\COPY.C.OBJ
C:\USERS\MOCHANGMING\DOCUMENTS\VISUAL STUDIO 2010\PROJECTS\SHOCKWAVE\SHOCKWAVE\GSL\BUILD\GSL.DIR\DEBUG\SPMATRIX\FILE.C.OBJ
C:\USERS\MOCHANGMING\DOCUMENTS\VISUAL STUDIO 2010\PROJECTS\SHOCKWAVE\SHOCKWAVE\GSL\BUILD\GSL.DIR\DEBUG\SPMATRIX\GETSET.C.OBJ
C:\USERS\MOCHANGMING\DOCUMENTS\VISUAL STUDIO 2010\PROJECTS\SHOCKWAVE\SHOCKWAVE\GSL\BUILD\GSL.DIR\DEBUG\SPMATRIX\INIT.C.OBJ
C:\USERS\MOCHANGMING\DOCUMENTS\VISUAL STUDIO 2010\PROJECTS\SHOCKWAVE\SHOCKWAVE\GSL\BUILD\GSL.DIR\DEBUG\SPMATRIX\MINMAX.C.OBJ
C:\USERS\MOCHANGMING\DOCUMENTS\VISUAL STUDIO 2010\PROJECTS\SHOCKWAVE\SHOCKWAVE\GSL\BUILD\GSL.DIR\DEBUG\SPMATRIX\OPER.C.OBJ
C:\USERS\MOCHANGMING\DOCUMENTS\VISUAL STUDIO 2010\PROJECTS\SHOCKWAVE\SHOCKWAVE\GSL\BUILD\GSL.DIR\DEBUG\SPMATRIX\PROP.C.OBJ
C:\USERS\MOCHANGMING\DOCUMENTS\VISUAL STUDIO 2010\PROJECTS\SHOCKWAVE\SHOCKWAVE\GSL\BUILD\GSL.DIR\DEBUG\SPMATRIX\SWAP.C.OBJ
C:\Users\mochangming\Documents\Visual Studio 2010\Projects\shockwave\shockwave\gsl\build\gsl.dir\Debug\stat.obj
C:\Users\mochangming\Documents\Visual Studio 2010\Projects\shockwave\shockwave\gsl\build\gsl.dir\Debug\stat2d.obj
C:\USERS\MOCHANGMING\DOCUMENTS\VISUAL STUDIO 2010\PROJECTS\SHOCKWAVE\SHOCKWAVE\GSL\BUILD\GSL.DIR\DEBUG\STATISTICS\MEDIAN.C.OBJ
C:\USERS\MOCHANGMING\DOCUMENTS\VISUAL STUDIO 2010\PROJECTS\SHOCKWAVE\SHOCKWAVE\GSL\BUILD\GSL.DIR\DEBUG\STATISTICS\MINMAX.C.OBJ
C:\Users\mochangming\Documents\Visual Studio 2010\Projects\shockwave\shockwave\gsl\build\gsl.dir\Debug\steepest_descent.obj
C:\Users\mochangming\Documents\Visual Studio 2010\Projects\shockwave\shockwave\gsl\build\gsl.dir\Debug\steffen.obj
C:\Users\mochangming\Documents\Visual Studio 2010\Projects\shockwave\shockwave\gsl\build\gsl.dir\Debug\steffenson.obj
C:\Users\mochangming\Documents\Visual Studio 2010\Projects\shockwave\shockwave\gsl\build\gsl.dir\Debug\stream.obj
C:\Users\mochangming\Documents\Visual Studio 2010\Projects\shockwave\shockwave\gsl\build\gsl.dir\Debug\strerror.obj
C:\Users\mochangming\Documents\Visual Studio 2010\Projects\shockwave\shockwave\gsl\build\gsl.dir\Debug\submatrix.obj
C:\Users\mochangming\Documents\Visual Studio 2010\Projects\shockwave\shockwave\gsl\build\gsl.dir\Debug\subset.obj
C:\Users\mochangming\Documents\Visual Studio 2010\Projects\shockwave\shockwave\gsl\build\gsl.dir\Debug\subsetind.obj
C:\Users\mochangming\Documents\Visual Studio 2010\Projects\shockwave\shockwave\gsl\build\gsl.dir\Debug\subvector.obj
C:\Users\mochangming\Documents\Visual Studio 2010\Projects\shockwave\shockwave\gsl\build\gsl.dir\Debug\sumacc.obj
C:\Users\mochangming\Documents\Visual Studio 2010\Projects\shockwave\shockwave\gsl\build\gsl.dir\Debug\symm.obj
C:\Users\mochangming\Documents\Visual Studio 2010\Projects\shockwave\shockwave\gsl\build\gsl.dir\Debug\symmtd.obj
C:\Users\mochangming\Documents\Visual Studio 2010\Projects\shockwave\shockwave\gsl\build\gsl.dir\Debug\symmv.obj
C:\Users\mochangming\Documents\Visual Studio 2010\Projects\shockwave\shockwave\gsl\build\gsl.dir\Debug\synchrotron.obj
C:\USERS\MOCHANGMING\DOCUMENTS\VISUAL STUDIO 2010\PROJECTS\SHOCKWAVE\SHOCKWAVE\GSL\BUILD\GSL.DIR\DEBUG\SYS\MINMAX.C.OBJ
C:\USERS\MOCHANGMING\DOCUMENTS\VISUAL STUDIO 2010\PROJECTS\SHOCKWAVE\SHOCKWAVE\GSL\BUILD\GSL.DIR\DEBUG\SYS\POW_INT.C.OBJ
C:\Users\mochangming\Documents\Visual Studio 2010\Projects\shockwave\shockwave\gsl\build\gsl.dir\Debug\taus.obj
C:\Users\mochangming\Documents\Visual Studio 2010\Projects\shockwave\shockwave\gsl\build\gsl.dir\Debug\taus113.obj
C:\Users\mochangming\Documents\Visual Studio 2010\Projects\shockwave\shockwave\gsl\build\gsl.dir\Debug\tdistinv.obj
C:\Users\mochangming\Documents\Visual Studio 2010\Projects\shockwave\shockwave\gsl\build\gsl.dir\Debug\transport.obj
C:\Users\mochangming\Documents\Visual Studio 2010\Projects\shockwave\shockwave\gsl\build\gsl.dir\Debug\transputer.obj
C:\Users\mochangming\Documents\Visual Studio 2010\Projects\shockwave\shockwave\gsl\build\gsl.dir\Debug\trav.obj
C:\Users\mochangming\Documents\Visual Studio 2010\Projects\shockwave\shockwave\gsl\build\gsl.dir\Debug\tridiag.obj
C:\Users\mochangming\Documents\Visual Studio 2010\Projects\shockwave\shockwave\gsl\build\gsl.dir\Debug\trig.obj
C:\Users\mochangming\Documents\Visual Studio 2010\Projects\shockwave\shockwave\gsl\build\gsl.dir\Debug\trimult.obj
C:\Users\mochangming\Documents\Visual Studio 2010\Projects\shockwave\shockwave\gsl\build\gsl.dir\Debug\trimult_complex.obj
C:\Users\mochangming\Documents\Visual Studio 2010\Projects\shockwave\shockwave\gsl\build\gsl.dir\Debug\trmean.obj
C:\Users\mochangming\Documents\Visual Studio 2010\Projects\shockwave\shockwave\gsl\build\gsl.dir\Debug\tsqr.obj
C:\Users\mochangming\Documents\Visual Studio 2010\Projects\shockwave\shockwave\gsl\build\gsl.dir\Debug\tt.obj
C:\Users\mochangming\Documents\Visual Studio 2010\Projects\shockwave\shockwave\gsl\build\gsl.dir\Debug\ttest.obj
C:\Users\mochangming\Documents\Visual Studio 2010\Projects\shockwave\shockwave\gsl\build\gsl.dir\Debug\types.obj
C:\Users\mochangming\Documents\Visual Studio 2010\Projects\shockwave\shockwave\gsl\build\gsl.dir\Debug\uni.obj
C:\Users\mochangming\Documents\Visual Studio 2010\Projects\shockwave\shockwave\gsl\build\gsl.dir\Debug\uni32.obj
C:\Users\mochangming\Documents\Visual Studio 2010\Projects\shockwave\shockwave\gsl\build\gsl.dir\Debug\util.obj
C:\Users\mochangming\Documents\Visual Studio 2010\Projects\shockwave\shockwave\gsl\build\gsl.dir\Debug\variance.obj
C:\Users\mochangming\Documents\Visual Studio 2010\Projects\shockwave\shockwave\gsl\build\gsl.dir\Debug\vax.obj
C:\USERS\MOCHANGMING\DOCUMENTS\VISUAL STUDIO 2010\PROJECTS\SHOCKWAVE\SHOCKWAVE\GSL\BUILD\GSL.DIR\DEBUG\VC100.PDB
C:\Users\mochangming\Documents\Visual Studio 2010\Projects\shockwave\shockwave\gsl\build\gsl.dir\Debug\vector.obj
C:\USERS\MOCHANGMING\DOCUMENTS\VISUAL STUDIO 2010\PROJECTS\SHOCKWAVE\SHOCKWAVE\GSL\BUILD\GSL.DIR\DEBUG\VECTOR\COPY.C.OBJ
C:\USERS\MOCHANGMING\DOCUMENTS\VISUAL STUDIO 2010\PROJECTS\SHOCKWAVE\SHOCKWAVE\GSL\BUILD\GSL.DIR\DEBUG\VECTOR\FILE.C.OBJ
C:\USERS\MOCHANGMING\DOCUMENTS\VISUAL STUDIO 2010\PROJECTS\SHOCKWAVE\SHOCKWAVE\GSL\BUILD\GSL.DIR\DEBUG\VECTOR\INIT.C.OBJ
C:\USERS\MOCHANGMING\DOCUMENTS\VISUAL STUDIO 2010\PROJECTS\SHOCKWAVE\SHOCKWAVE\GSL\BUILD\GSL.DIR\DEBUG\VECTOR\MINMAX.C.OBJ
C:\USERS\MOCHANGMING\DOCUMENTS\VISUAL STUDIO 2010\PROJECTS\SHOCKWAVE\SHOCKWAVE\GSL\BUILD\GSL.DIR\DEBUG\VECTOR\OPER.C.OBJ
C:\USERS\MOCHANGMING\DOCUMENTS\VISUAL STUDIO 2010\PROJECTS\SHOCKWAVE\SHOCKWAVE\GSL\BUILD\GSL.DIR\DEBUG\VECTOR\PROP.C.OBJ
C:\USERS\MOCHANGMING\DOCUMENTS\VISUAL STUDIO 2010\PROJECTS\SHOCKWAVE\SHOCKWAVE\GSL\BUILD\GSL.DIR\DEBUG\VECTOR\SWAP.C.OBJ
C:\USERS\MOCHANGMING\DOCUMENTS\VISUAL STUDIO 2010\PROJECTS\SHOCKWAVE\SHOCKWAVE\GSL\BUILD\GSL.DIR\DEBUG\VECTOR\VIEW.C.OBJ
C:\Users\mochangming\Documents\Visual Studio 2010\Projects\shockwave\shockwave\gsl\build\gsl.dir\Debug\vector_bfgs.obj
C:\Users\mochangming\Documents\Visual Studio 2010\Projects\shockwave\shockwave\gsl\build\gsl.dir\Debug\vector_bfgs2.obj
C:\Users\mochangming\Documents\Visual Studio 2010\Projects\shockwave\shockwave\gsl\build\gsl.dir\Debug\vegas.obj
C:\Users\mochangming\Documents\Visual Studio 2010\Projects\shockwave\shockwave\gsl\build\gsl.dir\Debug\version.obj
C:\Users\mochangming\Documents\Visual Studio 2010\Projects\shockwave\shockwave\gsl\build\gsl.dir\Debug\wabsdev.obj
C:\Users\mochangming\Documents\Visual Studio 2010\Projects\shockwave\shockwave\gsl\build\gsl.dir\Debug\waterman14.obj
C:\Users\mochangming\Documents\Visual Studio 2010\Projects\shockwave\shockwave\gsl\build\gsl.dir\Debug\wavelet.obj
C:\USERS\MOCHANGMING\DOCUMENTS\VISUAL STUDIO 2010\PROJECTS\SHOCKWAVE\SHOCKWAVE\GSL\BUILD\GSL.DIR\DEBUG\WAVELET\BSPLINE.C.OBJ
C:\Users\mochangming\Documents\Visual Studio 2010\Projects\shockwave\shockwave\gsl\build\gsl.dir\Debug\weibullinv.obj
C:\Users\mochangming\Documents\Visual Studio 2010\Projects\shockwave\shockwave\gsl\build\gsl.dir\Debug\wishart.obj
C:\Users\mochangming\Documents\Visual Studio 2010\Projects\shockwave\shockwave\gsl\build\gsl.dir\Debug\wkurtosis.obj
C:\Users\mochangming\Documents\Visual Studio 2010\Projects\shockwave\shockwave\gsl\build\gsl.dir\Debug\wmean.obj
C:\Users\mochangming\Documents\Visual Studio 2010\Projects\shockwave\shockwave\gsl\build\gsl.dir\Debug\work.obj
C:\Users\mochangming\Documents\Visual Studio 2010\Projects\shockwave\shockwave\gsl\build\gsl.dir\Debug\work_u.obj
C:\Users\mochangming\Documents\Visual Studio 2010\Projects\shockwave\shockwave\gsl\build\gsl.dir\Debug\work_utrunc.obj
C:\Users\mochangming\Documents\Visual Studio 2010\Projects\shockwave\shockwave\gsl\build\gsl.dir\Debug\workspace.obj
C:\Users\mochangming\Documents\Visual Studio 2010\Projects\shockwave\shockwave\gsl\build\gsl.dir\Debug\wskew.obj
C:\Users\mochangming\Documents\Visual Studio 2010\Projects\shockwave\shockwave\gsl\build\gsl.dir\Debug\wvariance.obj
C:\Users\mochangming\Documents\Visual Studio 2010\Projects\shockwave\shockwave\gsl\build\gsl.dir\Debug\zeta.obj
C:\Users\mochangming\Documents\Visual Studio 2010\Projects\shockwave\shockwave\gsl\build\gsl.dir\Debug\zsolve.obj
C:\Users\mochangming\Documents\Visual Studio 2010\Projects\shockwave\shockwave\gsl\build\gsl.dir\Debug\zsolve_cubic.obj
C:\Users\mochangming\Documents\Visual Studio 2010\Projects\shockwave\shockwave\gsl\build\gsl.dir\Debug\zsolve_init.obj
C:\Users\mochangming\Documents\Visual Studio 2010\Projects\shockwave\shockwave\gsl\build\gsl.dir\Debug\zsolve_quadratic.obj
C:\Users\mochangming\Documents\Visual Studio 2010\Projects\shockwave\shockwave\gsl\build\gsl.dir\Debug\zuf.obj
C:\USERS\MOCHANGMING\GSL\BUILD\CMAKEFILES\GENERATE.STAMP
