生成启动时间为 2023/8/14 20:37:08。
     1>项目“C:\Users\mochangming\Desktop\New folder\shockwave\shockwave\gsl\build\gslcblas.vcxproj”在节点 3 上(build 个目标)。
     1>InitializeBuildStatus:
         正在创建“gslcblas.dir\Debug\gslcblas.unsuccessfulbuild”，因为已指定“AlwaysCreate”。
       CustomBuild:
         Building Custom Rule C:/Users/mochangming/gsl/CMakeLists.txt
         CMake does not need to re-run because C:\Users\mochangming\gsl\build\CMakeFiles\generate.stamp is up-to-date.
       ClCompile:
         c:\Program Files (x86)\Microsoft Visual Studio 10.0\VC\bin\CL.exe /c /I"C:\Users\mochangming\Desktop\New folder\shockwave\shockwave\gsl\build\\" /I"C:\Users\mochangming\Desktop\New folder\shockwave\shockwave\gsl\build\..\\" /Zi /nologo /W3 /WX- /MP /Od /Ob0 /Oy- /D WIN32 /D _WINDOWS /D _DEBUG /D HAVE_CONFIG_H /D _CRT_SECURE_NO_WARNINGS /D "CMAKE_INTDIR=\"Debug\"" /D _MBCS /Gm- /RTC1 /MDd /GS /fp:precise /Zc:wchar_t /Zc:forScope /Fo"gslcblas.dir\Debug\\" /Fd"gslcblas.dir\Debug\vc100.pdb" /Gd /TC /wd4018 /wd4028 /wd4056 /wd4101 /wd4244 /wd4267 /wd4334 /wd4477 /wd4700 /wd4723 /wd4756 /wd4996 /analyze- /errorReport:prompt ..\cblas\sasum.c ..\cblas\saxpy.c ..\cblas\scasum.c ..\cblas\scnrm2.c ..\cblas\scopy.c ..\cblas\sdot.c ..\cblas\sdsdot.c ..\cblas\sgbmv.c ..\cblas\sgemm.c ..\cblas\sgemv.c ..\cblas\sger.c ..\cblas\snrm2.c ..\cblas\srot.c ..\cblas\srotg.c ..\cblas\srotm.c ..\cblas\srotmg.c ..\cblas\ssbmv.c ..\cblas\sscal.c ..\cblas\sspmv.c ..\cblas\sspr.c ..\cblas\sspr2.c ..\cblas\sswap.c ..\cblas\ssymm.c ..\cblas\ssymv.c ..\cblas\ssyr.c ..\cblas\ssyr2.c ..\cblas\ssyr2k.c ..\cblas\ssyrk.c ..\cblas\stbmv.c ..\cblas\stbsv.c ..\cblas\stpmv.c ..\cblas\stpsv.c ..\cblas\strmm.c ..\cblas\strmv.c ..\cblas\strsm.c ..\cblas\strsv.c ..\cblas\dasum.c ..\cblas\daxpy.c ..\cblas\dcopy.c ..\cblas\ddot.c ..\cblas\dgbmv.c ..\cblas\dgemm.c ..\cblas\dgemv.c ..\cblas\dger.c ..\cblas\dnrm2.c ..\cblas\drot.c ..\cblas\drotg.c ..\cblas\drotm.c ..\cblas\drotmg.c ..\cblas\dsbmv.c ..\cblas\dscal.c ..\cblas\dsdot.c ..\cblas\dspmv.c ..\cblas\dspr.c ..\cblas\dspr2.c ..\cblas\dswap.c ..\cblas\dsymm.c ..\cblas\dsymv.c ..\cblas\dsyr.c ..\cblas\dsyr2.c ..\cblas\dsyr2k.c ..\cblas\dsyrk.c ..\cblas\dtbmv.c ..\cblas\dtbsv.c ..\cblas\dtpmv.c ..\cblas\dtpsv.c ..\cblas\dtrmm.c ..\cblas\dtrmv.c ..\cblas\dtrsm.c ..\cblas\dtrsv.c ..\cblas\dzasum.c ..\cblas\dznrm2.c ..\cblas\caxpy.c ..\cblas\ccopy.c ..\cblas\cdotc_sub.c ..\cblas\cdotu_sub.c ..\cblas\cgbmv.c ..\cblas\cgemm.c ..\cblas\cgemv.c ..\cblas\cgerc.c ..\cblas\cgeru.c ..\cblas\chbmv.c ..\cblas\chemm.c ..\cblas\chemv.c ..\cblas\cher.c ..\cblas\cher2.c ..\cblas\cher2k.c ..\cblas\cherk.c ..\cblas\chpmv.c ..\cblas\chpr.c ..\cblas\chpr2.c ..\cblas\cscal.c ..\cblas\csscal.c ..\cblas\cswap.c ..\cblas\csymm.c ..\cblas\csyr2k.c ..\cblas\csyrk.c ..\cblas\ctbmv.c ..\cblas\ctbsv.c ..\cblas\ctpmv.c ..\cblas\ctpsv.c ..\cblas\ctrmm.c ..\cblas\ctrmv.c ..\cblas\ctrsm.c ..\cblas\ctrsv.c ..\cblas\zaxpy.c ..\cblas\zcopy.c ..\cblas\zdotc_sub.c ..\cblas\zdotu_sub.c ..\cblas\zdscal.c ..\cblas\zgbmv.c ..\cblas\zgemm.c ..\cblas\zgemv.c ..\cblas\zgerc.c ..\cblas\zgeru.c ..\cblas\zhbmv.c ..\cblas\zhemm.c ..\cblas\zhemv.c ..\cblas\zher.c ..\cblas\zher2.c ..\cblas\zher2k.c ..\cblas\zherk.c ..\cblas\zhpmv.c ..\cblas\zhpr.c ..\cblas\zhpr2.c ..\cblas\zscal.c ..\cblas\zswap.c ..\cblas\zsymm.c ..\cblas\zsyr2k.c ..\cblas\zsyrk.c ..\cblas\ztbmv.c ..\cblas\ztbsv.c ..\cblas\ztpmv.c ..\cblas\ztpsv.c ..\cblas\ztrmm.c ..\cblas\ztrmv.c ..\cblas\ztrsm.c ..\cblas\ztrsv.c ..\cblas\icamax.c ..\cblas\idamax.c ..\cblas\isamax.c ..\cblas\izamax.c ..\cblas\xerbla.c
         sasum.c
         saxpy.c
         scasum.c
         scnrm2.c
         scopy.c
         sdot.c
         sdsdot.c
         sgbmv.c
         sgemm.c
         sgemv.c
         sger.c
         snrm2.c
         srot.c
         srotg.c
         srotm.c
         srotmg.c
         ssbmv.c
         sscal.c
         sspmv.c
         sspr.c
         sspr2.c
         sswap.c
         ssymm.c
         ssymv.c
         ssyr.c
         ssyr2.c
         ssyr2k.c
         ssyrk.c
         stbmv.c
         stbsv.c
         stpmv.c
         stpsv.c
         strmm.c
         strmv.c
         strsm.c
         strsv.c
         dasum.c
         daxpy.c
         dcopy.c
         ddot.c
         dgbmv.c
         dgemm.c
         dgemv.c
         dger.c
         dnrm2.c
         drot.c
         drotg.c
         drotm.c
         drotmg.c
         dsbmv.c
         dscal.c
         dsdot.c
         dspmv.c
         dspr.c
         dspr2.c
         dswap.c
         dsymm.c
         dsymv.c
         dsyr.c
         dsyr2.c
         dsyr2k.c
         dsyrk.c
         dtbmv.c
         dtbsv.c
         dtpmv.c
         dtpsv.c
         dtrmm.c
         dtrmv.c
         dtrsm.c
         dtrsv.c
         dzasum.c
         dznrm2.c
         caxpy.c
         ccopy.c
         cdotc_sub.c
         cdotu_sub.c
         cgbmv.c
         cgemm.c
         cgemv.c
         cgerc.c
         cgeru.c
         chbmv.c
         chemm.c
         chemv.c
         cher.c
         cher2.c
         cher2k.c
         cherk.c
         chpmv.c
         chpr.c
         chpr2.c
         cscal.c
         csscal.c
         cswap.c
         csymm.c
         csyr2k.c
         csyrk.c
         ctbmv.c
         ctbsv.c
         ctpmv.c
         ctpsv.c
         ctrmm.c
         ctrmv.c
         ctrsm.c
         ctrsv.c
         zaxpy.c
         zcopy.c
         zdotc_sub.c
         zdotu_sub.c
         zdscal.c
         zgbmv.c
         zgemm.c
         zgemv.c
         zgerc.c
         zgeru.c
         zhbmv.c
         zhemm.c
         zhemv.c
         zher.c
         zher2.c
         zher2k.c
         zherk.c
         zhpmv.c
         zhpr.c
         zhpr2.c
         zscal.c
         zswap.c
         zsymm.c
         zsyr2k.c
         zsyrk.c
         ztbmv.c
         ztbsv.c
         ztpmv.c
         ztpsv.c
         ztrmm.c
         ztrmv.c
         ztrsm.c
         ztrsv.c
         icamax.c
         idamax.c
         isamax.c
         izamax.c
         xerbla.c
       Lib:
         c:\Program Files (x86)\Microsoft Visual Studio 10.0\VC\bin\Lib.exe /OUT:"C:\Users\mochangming\Desktop\New folder\shockwave\shockwave\gsl\build\Debug\gslcblas.lib" /NOLOGO gslcblas.dir\Debug\sasum.obj
         gslcblas.dir\Debug\saxpy.obj
         gslcblas.dir\Debug\scasum.obj
         gslcblas.dir\Debug\scnrm2.obj
         gslcblas.dir\Debug\scopy.obj
         gslcblas.dir\Debug\sdot.obj
         gslcblas.dir\Debug\sdsdot.obj
         gslcblas.dir\Debug\sgbmv.obj
         gslcblas.dir\Debug\sgemm.obj
         gslcblas.dir\Debug\sgemv.obj
         gslcblas.dir\Debug\sger.obj
         gslcblas.dir\Debug\snrm2.obj
         gslcblas.dir\Debug\srot.obj
         gslcblas.dir\Debug\srotg.obj
         gslcblas.dir\Debug\srotm.obj
         gslcblas.dir\Debug\srotmg.obj
         gslcblas.dir\Debug\ssbmv.obj
         gslcblas.dir\Debug\sscal.obj
         gslcblas.dir\Debug\sspmv.obj
         gslcblas.dir\Debug\sspr.obj
         gslcblas.dir\Debug\sspr2.obj
         gslcblas.dir\Debug\sswap.obj
         gslcblas.dir\Debug\ssymm.obj
         gslcblas.dir\Debug\ssymv.obj
         gslcblas.dir\Debug\ssyr.obj
         gslcblas.dir\Debug\ssyr2.obj
         gslcblas.dir\Debug\ssyr2k.obj
         gslcblas.dir\Debug\ssyrk.obj
         gslcblas.dir\Debug\stbmv.obj
         gslcblas.dir\Debug\stbsv.obj
         gslcblas.dir\Debug\stpmv.obj
         gslcblas.dir\Debug\stpsv.obj
         gslcblas.dir\Debug\strmm.obj
         gslcblas.dir\Debug\strmv.obj
         gslcblas.dir\Debug\strsm.obj
         gslcblas.dir\Debug\strsv.obj
         gslcblas.dir\Debug\dasum.obj
         gslcblas.dir\Debug\daxpy.obj
         gslcblas.dir\Debug\dcopy.obj
         gslcblas.dir\Debug\ddot.obj
         gslcblas.dir\Debug\dgbmv.obj
         gslcblas.dir\Debug\dgemm.obj
         gslcblas.dir\Debug\dgemv.obj
         gslcblas.dir\Debug\dger.obj
         gslcblas.dir\Debug\dnrm2.obj
         gslcblas.dir\Debug\drot.obj
         gslcblas.dir\Debug\drotg.obj
         gslcblas.dir\Debug\drotm.obj
         gslcblas.dir\Debug\drotmg.obj
         gslcblas.dir\Debug\dsbmv.obj
         gslcblas.dir\Debug\dscal.obj
         gslcblas.dir\Debug\dsdot.obj
         gslcblas.dir\Debug\dspmv.obj
         gslcblas.dir\Debug\dspr.obj
         gslcblas.dir\Debug\dspr2.obj
         gslcblas.dir\Debug\dswap.obj
         gslcblas.dir\Debug\dsymm.obj
         gslcblas.dir\Debug\dsymv.obj
         gslcblas.dir\Debug\dsyr.obj
         gslcblas.dir\Debug\dsyr2.obj
         gslcblas.dir\Debug\dsyr2k.obj
         gslcblas.dir\Debug\dsyrk.obj
         gslcblas.dir\Debug\dtbmv.obj
         gslcblas.dir\Debug\dtbsv.obj
         gslcblas.dir\Debug\dtpmv.obj
         gslcblas.dir\Debug\dtpsv.obj
         gslcblas.dir\Debug\dtrmm.obj
         gslcblas.dir\Debug\dtrmv.obj
         gslcblas.dir\Debug\dtrsm.obj
         gslcblas.dir\Debug\dtrsv.obj
         gslcblas.dir\Debug\dzasum.obj
         gslcblas.dir\Debug\dznrm2.obj
         gslcblas.dir\Debug\caxpy.obj
         gslcblas.dir\Debug\ccopy.obj
         gslcblas.dir\Debug\cdotc_sub.obj
         gslcblas.dir\Debug\cdotu_sub.obj
         gslcblas.dir\Debug\cgbmv.obj
         gslcblas.dir\Debug\cgemm.obj
         gslcblas.dir\Debug\cgemv.obj
         gslcblas.dir\Debug\cgerc.obj
         gslcblas.dir\Debug\cgeru.obj
         gslcblas.dir\Debug\chbmv.obj
         gslcblas.dir\Debug\chemm.obj
         gslcblas.dir\Debug\chemv.obj
         gslcblas.dir\Debug\cher.obj
         gslcblas.dir\Debug\cher2.obj
         gslcblas.dir\Debug\cher2k.obj
         gslcblas.dir\Debug\cherk.obj
         gslcblas.dir\Debug\chpmv.obj
         gslcblas.dir\Debug\chpr.obj
         gslcblas.dir\Debug\chpr2.obj
         gslcblas.dir\Debug\cscal.obj
         gslcblas.dir\Debug\csscal.obj
         gslcblas.dir\Debug\cswap.obj
         gslcblas.dir\Debug\csymm.obj
         gslcblas.dir\Debug\csyr2k.obj
         gslcblas.dir\Debug\csyrk.obj
         gslcblas.dir\Debug\ctbmv.obj
         gslcblas.dir\Debug\ctbsv.obj
         gslcblas.dir\Debug\ctpmv.obj
         gslcblas.dir\Debug\ctpsv.obj
         gslcblas.dir\Debug\ctrmm.obj
         gslcblas.dir\Debug\ctrmv.obj
         gslcblas.dir\Debug\ctrsm.obj
         gslcblas.dir\Debug\ctrsv.obj
         gslcblas.dir\Debug\zaxpy.obj
         gslcblas.dir\Debug\zcopy.obj
         gslcblas.dir\Debug\zdotc_sub.obj
         gslcblas.dir\Debug\zdotu_sub.obj
         gslcblas.dir\Debug\zdscal.obj
         gslcblas.dir\Debug\zgbmv.obj
         gslcblas.dir\Debug\zgemm.obj
         gslcblas.dir\Debug\zgemv.obj
         gslcblas.dir\Debug\zgerc.obj
         gslcblas.dir\Debug\zgeru.obj
         gslcblas.dir\Debug\zhbmv.obj
         gslcblas.dir\Debug\zhemm.obj
         gslcblas.dir\Debug\zhemv.obj
         gslcblas.dir\Debug\zher.obj
         gslcblas.dir\Debug\zher2.obj
         gslcblas.dir\Debug\zher2k.obj
         gslcblas.dir\Debug\zherk.obj
         gslcblas.dir\Debug\zhpmv.obj
         gslcblas.dir\Debug\zhpr.obj
         gslcblas.dir\Debug\zhpr2.obj
         gslcblas.dir\Debug\zscal.obj
         gslcblas.dir\Debug\zswap.obj
         gslcblas.dir\Debug\zsymm.obj
         gslcblas.dir\Debug\zsyr2k.obj
         gslcblas.dir\Debug\zsyrk.obj
         gslcblas.dir\Debug\ztbmv.obj
         gslcblas.dir\Debug\ztbsv.obj
         gslcblas.dir\Debug\ztpmv.obj
         gslcblas.dir\Debug\ztpsv.obj
         gslcblas.dir\Debug\ztrmm.obj
         gslcblas.dir\Debug\ztrmv.obj
         gslcblas.dir\Debug\ztrsm.obj
         gslcblas.dir\Debug\ztrsv.obj
         gslcblas.dir\Debug\icamax.obj
         gslcblas.dir\Debug\idamax.obj
         gslcblas.dir\Debug\isamax.obj
         gslcblas.dir\Debug\izamax.obj
         gslcblas.dir\Debug\xerbla.obj  /machine:X86 
         gslcblas.vcxproj -> C:\Users\mochangming\Desktop\New folder\shockwave\shockwave\gsl\build\Debug\gslcblas.lib
       FinalizeBuildStatus:
         正在删除文件“gslcblas.dir\Debug\gslcblas.unsuccessfulbuild”。
         正在对“gslcblas.dir\Debug\gslcblas.lastbuildstate”执行 Touch 任务。
     1>已完成生成项目“C:\Users\mochangming\Desktop\New folder\shockwave\shockwave\gsl\build\gslcblas.vcxproj”(build 个目标)的操作。

生成成功。

已用时间 00:00:13.36
