C:\USERS\MOCHANGMING\DOCUMENTS\VISUAL STUDIO 2010\PROJECTS\SHOCKWAVE\SHOCKWAVE\GSL\BUILD\DEBUG\GSLCBLAS.LIB
C:\Users\mochangming\Documents\Visual Studio 2010\Projects\shockwave\shockwave\gsl\build\gslcblas.dir\Debug\caxpy.obj
C:\Users\mochangming\Documents\Visual Studio 2010\Projects\shockwave\shockwave\gsl\build\gslcblas.dir\Debug\ccopy.obj
C:\Users\mochangming\Documents\Visual Studio 2010\Projects\shockwave\shockwave\gsl\build\gslcblas.dir\Debug\cdotc_sub.obj
C:\Users\mochangming\Documents\Visual Studio 2010\Projects\shockwave\shockwave\gsl\build\gslcblas.dir\Debug\cdotu_sub.obj
C:\Users\mochangming\Documents\Visual Studio 2010\Projects\shockwave\shockwave\gsl\build\gslcblas.dir\Debug\cgbmv.obj
C:\Users\mochangming\Documents\Visual Studio 2010\Projects\shockwave\shockwave\gsl\build\gslcblas.dir\Debug\cgemm.obj
C:\Users\mochangming\Documents\Visual Studio 2010\Projects\shockwave\shockwave\gsl\build\gslcblas.dir\Debug\cgemv.obj
C:\Users\mochangming\Documents\Visual Studio 2010\Projects\shockwave\shockwave\gsl\build\gslcblas.dir\Debug\cgerc.obj
C:\Users\mochangming\Documents\Visual Studio 2010\Projects\shockwave\shockwave\gsl\build\gslcblas.dir\Debug\cgeru.obj
C:\Users\mochangming\Documents\Visual Studio 2010\Projects\shockwave\shockwave\gsl\build\gslcblas.dir\Debug\chbmv.obj
C:\Users\mochangming\Documents\Visual Studio 2010\Projects\shockwave\shockwave\gsl\build\gslcblas.dir\Debug\chemm.obj
C:\Users\mochangming\Documents\Visual Studio 2010\Projects\shockwave\shockwave\gsl\build\gslcblas.dir\Debug\chemv.obj
C:\Users\mochangming\Documents\Visual Studio 2010\Projects\shockwave\shockwave\gsl\build\gslcblas.dir\Debug\cher.obj
C:\Users\mochangming\Documents\Visual Studio 2010\Projects\shockwave\shockwave\gsl\build\gslcblas.dir\Debug\cher2.obj
C:\Users\mochangming\Documents\Visual Studio 2010\Projects\shockwave\shockwave\gsl\build\gslcblas.dir\Debug\cher2k.obj
C:\Users\mochangming\Documents\Visual Studio 2010\Projects\shockwave\shockwave\gsl\build\gslcblas.dir\Debug\cherk.obj
C:\Users\mochangming\Documents\Visual Studio 2010\Projects\shockwave\shockwave\gsl\build\gslcblas.dir\Debug\chpmv.obj
C:\Users\mochangming\Documents\Visual Studio 2010\Projects\shockwave\shockwave\gsl\build\gslcblas.dir\Debug\chpr.obj
C:\Users\mochangming\Documents\Visual Studio 2010\Projects\shockwave\shockwave\gsl\build\gslcblas.dir\Debug\chpr2.obj
C:\Users\mochangming\Documents\Visual Studio 2010\Projects\shockwave\shockwave\gsl\build\gslcblas.dir\Debug\CL.11712.read.1.tlog
C:\Users\mochangming\Documents\Visual Studio 2010\Projects\shockwave\shockwave\gsl\build\gslcblas.dir\Debug\CL.11712.write.1.tlog
C:\Users\mochangming\Documents\Visual Studio 2010\Projects\shockwave\shockwave\gsl\build\gslcblas.dir\Debug\CL.11892.read.1.tlog
C:\Users\mochangming\Documents\Visual Studio 2010\Projects\shockwave\shockwave\gsl\build\gslcblas.dir\Debug\CL.11892.write.1.tlog
C:\Users\mochangming\Documents\Visual Studio 2010\Projects\shockwave\shockwave\gsl\build\gslcblas.dir\Debug\CL.12376.read.1.tlog
C:\Users\mochangming\Documents\Visual Studio 2010\Projects\shockwave\shockwave\gsl\build\gslcblas.dir\Debug\CL.12376.write.1.tlog
C:\Users\mochangming\Documents\Visual Studio 2010\Projects\shockwave\shockwave\gsl\build\gslcblas.dir\Debug\CL.12792.read.1.tlog
C:\Users\mochangming\Documents\Visual Studio 2010\Projects\shockwave\shockwave\gsl\build\gslcblas.dir\Debug\CL.12792.write.1.tlog
C:\Users\mochangming\Documents\Visual Studio 2010\Projects\shockwave\shockwave\gsl\build\gslcblas.dir\Debug\CL.1612.read.1.tlog
C:\Users\mochangming\Documents\Visual Studio 2010\Projects\shockwave\shockwave\gsl\build\gslcblas.dir\Debug\CL.1612.write.1.tlog
C:\Users\mochangming\Documents\Visual Studio 2010\Projects\shockwave\shockwave\gsl\build\gslcblas.dir\Debug\CL.3168.read.1.tlog
C:\Users\mochangming\Documents\Visual Studio 2010\Projects\shockwave\shockwave\gsl\build\gslcblas.dir\Debug\CL.3168.write.1.tlog
C:\Users\mochangming\Documents\Visual Studio 2010\Projects\shockwave\shockwave\gsl\build\gslcblas.dir\Debug\CL.7204.read.1.tlog
C:\Users\mochangming\Documents\Visual Studio 2010\Projects\shockwave\shockwave\gsl\build\gslcblas.dir\Debug\CL.7204.write.1.tlog
C:\Users\mochangming\Documents\Visual Studio 2010\Projects\shockwave\shockwave\gsl\build\gslcblas.dir\Debug\CL.832.read.1.tlog
C:\Users\mochangming\Documents\Visual Studio 2010\Projects\shockwave\shockwave\gsl\build\gslcblas.dir\Debug\CL.832.write.1.tlog
C:\Users\mochangming\Documents\Visual Studio 2010\Projects\shockwave\shockwave\gsl\build\gslcblas.dir\Debug\cl.command.1.tlog
C:\Users\mochangming\Documents\Visual Studio 2010\Projects\shockwave\shockwave\gsl\build\gslcblas.dir\Debug\CL.read.1.tlog
C:\Users\mochangming\Documents\Visual Studio 2010\Projects\shockwave\shockwave\gsl\build\gslcblas.dir\Debug\cl.write.1.tlog
C:\Users\mochangming\Documents\Visual Studio 2010\Projects\shockwave\shockwave\gsl\build\gslcblas.dir\Debug\cscal.obj
C:\Users\mochangming\Documents\Visual Studio 2010\Projects\shockwave\shockwave\gsl\build\gslcblas.dir\Debug\csscal.obj
C:\Users\mochangming\Documents\Visual Studio 2010\Projects\shockwave\shockwave\gsl\build\gslcblas.dir\Debug\cswap.obj
C:\Users\mochangming\Documents\Visual Studio 2010\Projects\shockwave\shockwave\gsl\build\gslcblas.dir\Debug\csymm.obj
C:\Users\mochangming\Documents\Visual Studio 2010\Projects\shockwave\shockwave\gsl\build\gslcblas.dir\Debug\csyr2k.obj
C:\Users\mochangming\Documents\Visual Studio 2010\Projects\shockwave\shockwave\gsl\build\gslcblas.dir\Debug\csyrk.obj
C:\Users\mochangming\Documents\Visual Studio 2010\Projects\shockwave\shockwave\gsl\build\gslcblas.dir\Debug\ctbmv.obj
C:\Users\mochangming\Documents\Visual Studio 2010\Projects\shockwave\shockwave\gsl\build\gslcblas.dir\Debug\ctbsv.obj
C:\Users\mochangming\Documents\Visual Studio 2010\Projects\shockwave\shockwave\gsl\build\gslcblas.dir\Debug\ctpmv.obj
C:\Users\mochangming\Documents\Visual Studio 2010\Projects\shockwave\shockwave\gsl\build\gslcblas.dir\Debug\ctpsv.obj
C:\Users\mochangming\Documents\Visual Studio 2010\Projects\shockwave\shockwave\gsl\build\gslcblas.dir\Debug\ctrmm.obj
C:\Users\mochangming\Documents\Visual Studio 2010\Projects\shockwave\shockwave\gsl\build\gslcblas.dir\Debug\ctrmv.obj
C:\Users\mochangming\Documents\Visual Studio 2010\Projects\shockwave\shockwave\gsl\build\gslcblas.dir\Debug\ctrsm.obj
C:\Users\mochangming\Documents\Visual Studio 2010\Projects\shockwave\shockwave\gsl\build\gslcblas.dir\Debug\ctrsv.obj
C:\Users\mochangming\Documents\Visual Studio 2010\Projects\shockwave\shockwave\gsl\build\gslcblas.dir\Debug\custombuild.command.1.tlog
C:\Users\mochangming\Documents\Visual Studio 2010\Projects\shockwave\shockwave\gsl\build\gslcblas.dir\Debug\custombuild.read.1.tlog
C:\Users\mochangming\Documents\Visual Studio 2010\Projects\shockwave\shockwave\gsl\build\gslcblas.dir\Debug\custombuild.write.1.tlog
C:\Users\mochangming\Documents\Visual Studio 2010\Projects\shockwave\shockwave\gsl\build\gslcblas.dir\Debug\dasum.obj
C:\Users\mochangming\Documents\Visual Studio 2010\Projects\shockwave\shockwave\gsl\build\gslcblas.dir\Debug\daxpy.obj
C:\Users\mochangming\Documents\Visual Studio 2010\Projects\shockwave\shockwave\gsl\build\gslcblas.dir\Debug\dcopy.obj
C:\Users\mochangming\Documents\Visual Studio 2010\Projects\shockwave\shockwave\gsl\build\gslcblas.dir\Debug\ddot.obj
C:\Users\mochangming\Documents\Visual Studio 2010\Projects\shockwave\shockwave\gsl\build\gslcblas.dir\Debug\dgbmv.obj
C:\Users\mochangming\Documents\Visual Studio 2010\Projects\shockwave\shockwave\gsl\build\gslcblas.dir\Debug\dgemm.obj
C:\Users\mochangming\Documents\Visual Studio 2010\Projects\shockwave\shockwave\gsl\build\gslcblas.dir\Debug\dgemv.obj
C:\Users\mochangming\Documents\Visual Studio 2010\Projects\shockwave\shockwave\gsl\build\gslcblas.dir\Debug\dger.obj
C:\Users\mochangming\Documents\Visual Studio 2010\Projects\shockwave\shockwave\gsl\build\gslcblas.dir\Debug\dnrm2.obj
C:\Users\mochangming\Documents\Visual Studio 2010\Projects\shockwave\shockwave\gsl\build\gslcblas.dir\Debug\drot.obj
C:\Users\mochangming\Documents\Visual Studio 2010\Projects\shockwave\shockwave\gsl\build\gslcblas.dir\Debug\drotg.obj
C:\Users\mochangming\Documents\Visual Studio 2010\Projects\shockwave\shockwave\gsl\build\gslcblas.dir\Debug\drotm.obj
C:\Users\mochangming\Documents\Visual Studio 2010\Projects\shockwave\shockwave\gsl\build\gslcblas.dir\Debug\drotmg.obj
C:\Users\mochangming\Documents\Visual Studio 2010\Projects\shockwave\shockwave\gsl\build\gslcblas.dir\Debug\dsbmv.obj
C:\Users\mochangming\Documents\Visual Studio 2010\Projects\shockwave\shockwave\gsl\build\gslcblas.dir\Debug\dscal.obj
C:\Users\mochangming\Documents\Visual Studio 2010\Projects\shockwave\shockwave\gsl\build\gslcblas.dir\Debug\dsdot.obj
C:\Users\mochangming\Documents\Visual Studio 2010\Projects\shockwave\shockwave\gsl\build\gslcblas.dir\Debug\dspmv.obj
C:\Users\mochangming\Documents\Visual Studio 2010\Projects\shockwave\shockwave\gsl\build\gslcblas.dir\Debug\dspr.obj
C:\Users\mochangming\Documents\Visual Studio 2010\Projects\shockwave\shockwave\gsl\build\gslcblas.dir\Debug\dspr2.obj
C:\Users\mochangming\Documents\Visual Studio 2010\Projects\shockwave\shockwave\gsl\build\gslcblas.dir\Debug\dswap.obj
C:\Users\mochangming\Documents\Visual Studio 2010\Projects\shockwave\shockwave\gsl\build\gslcblas.dir\Debug\dsymm.obj
C:\Users\mochangming\Documents\Visual Studio 2010\Projects\shockwave\shockwave\gsl\build\gslcblas.dir\Debug\dsymv.obj
C:\Users\mochangming\Documents\Visual Studio 2010\Projects\shockwave\shockwave\gsl\build\gslcblas.dir\Debug\dsyr.obj
C:\Users\mochangming\Documents\Visual Studio 2010\Projects\shockwave\shockwave\gsl\build\gslcblas.dir\Debug\dsyr2.obj
C:\Users\mochangming\Documents\Visual Studio 2010\Projects\shockwave\shockwave\gsl\build\gslcblas.dir\Debug\dsyr2k.obj
C:\Users\mochangming\Documents\Visual Studio 2010\Projects\shockwave\shockwave\gsl\build\gslcblas.dir\Debug\dsyrk.obj
C:\Users\mochangming\Documents\Visual Studio 2010\Projects\shockwave\shockwave\gsl\build\gslcblas.dir\Debug\dtbmv.obj
C:\Users\mochangming\Documents\Visual Studio 2010\Projects\shockwave\shockwave\gsl\build\gslcblas.dir\Debug\dtbsv.obj
C:\Users\mochangming\Documents\Visual Studio 2010\Projects\shockwave\shockwave\gsl\build\gslcblas.dir\Debug\dtpmv.obj
C:\Users\mochangming\Documents\Visual Studio 2010\Projects\shockwave\shockwave\gsl\build\gslcblas.dir\Debug\dtpsv.obj
C:\Users\mochangming\Documents\Visual Studio 2010\Projects\shockwave\shockwave\gsl\build\gslcblas.dir\Debug\dtrmm.obj
C:\Users\mochangming\Documents\Visual Studio 2010\Projects\shockwave\shockwave\gsl\build\gslcblas.dir\Debug\dtrmv.obj
C:\Users\mochangming\Documents\Visual Studio 2010\Projects\shockwave\shockwave\gsl\build\gslcblas.dir\Debug\dtrsm.obj
C:\Users\mochangming\Documents\Visual Studio 2010\Projects\shockwave\shockwave\gsl\build\gslcblas.dir\Debug\dtrsv.obj
C:\Users\mochangming\Documents\Visual Studio 2010\Projects\shockwave\shockwave\gsl\build\gslcblas.dir\Debug\dzasum.obj
C:\Users\mochangming\Documents\Visual Studio 2010\Projects\shockwave\shockwave\gsl\build\gslcblas.dir\Debug\dznrm2.obj
C:\Users\mochangming\Documents\Visual Studio 2010\Projects\shockwave\shockwave\gsl\build\gslcblas.dir\Debug\gslcblas.write.1.tlog
C:\Users\mochangming\Documents\Visual Studio 2010\Projects\shockwave\shockwave\gsl\build\gslcblas.dir\Debug\icamax.obj
C:\Users\mochangming\Documents\Visual Studio 2010\Projects\shockwave\shockwave\gsl\build\gslcblas.dir\Debug\idamax.obj
C:\Users\mochangming\Documents\Visual Studio 2010\Projects\shockwave\shockwave\gsl\build\gslcblas.dir\Debug\isamax.obj
C:\Users\mochangming\Documents\Visual Studio 2010\Projects\shockwave\shockwave\gsl\build\gslcblas.dir\Debug\izamax.obj
C:\Users\mochangming\Documents\Visual Studio 2010\Projects\shockwave\shockwave\gsl\build\gslcblas.dir\Debug\lib.command.1.tlog
C:\Users\mochangming\Documents\Visual Studio 2010\Projects\shockwave\shockwave\gsl\build\gslcblas.dir\Debug\Lib-link.read.1.tlog
C:\Users\mochangming\Documents\Visual Studio 2010\Projects\shockwave\shockwave\gsl\build\gslcblas.dir\Debug\Lib-link.write.1.tlog
C:\Users\mochangming\Documents\Visual Studio 2010\Projects\shockwave\shockwave\gsl\build\gslcblas.dir\Debug\sasum.obj
C:\Users\mochangming\Documents\Visual Studio 2010\Projects\shockwave\shockwave\gsl\build\gslcblas.dir\Debug\saxpy.obj
C:\Users\mochangming\Documents\Visual Studio 2010\Projects\shockwave\shockwave\gsl\build\gslcblas.dir\Debug\scasum.obj
C:\Users\mochangming\Documents\Visual Studio 2010\Projects\shockwave\shockwave\gsl\build\gslcblas.dir\Debug\scnrm2.obj
C:\Users\mochangming\Documents\Visual Studio 2010\Projects\shockwave\shockwave\gsl\build\gslcblas.dir\Debug\scopy.obj
C:\Users\mochangming\Documents\Visual Studio 2010\Projects\shockwave\shockwave\gsl\build\gslcblas.dir\Debug\sdot.obj
C:\Users\mochangming\Documents\Visual Studio 2010\Projects\shockwave\shockwave\gsl\build\gslcblas.dir\Debug\sdsdot.obj
C:\Users\mochangming\Documents\Visual Studio 2010\Projects\shockwave\shockwave\gsl\build\gslcblas.dir\Debug\sgbmv.obj
C:\Users\mochangming\Documents\Visual Studio 2010\Projects\shockwave\shockwave\gsl\build\gslcblas.dir\Debug\sgemm.obj
C:\Users\mochangming\Documents\Visual Studio 2010\Projects\shockwave\shockwave\gsl\build\gslcblas.dir\Debug\sgemv.obj
C:\Users\mochangming\Documents\Visual Studio 2010\Projects\shockwave\shockwave\gsl\build\gslcblas.dir\Debug\sger.obj
C:\Users\mochangming\Documents\Visual Studio 2010\Projects\shockwave\shockwave\gsl\build\gslcblas.dir\Debug\snrm2.obj
C:\Users\mochangming\Documents\Visual Studio 2010\Projects\shockwave\shockwave\gsl\build\gslcblas.dir\Debug\srot.obj
C:\Users\mochangming\Documents\Visual Studio 2010\Projects\shockwave\shockwave\gsl\build\gslcblas.dir\Debug\srotg.obj
C:\Users\mochangming\Documents\Visual Studio 2010\Projects\shockwave\shockwave\gsl\build\gslcblas.dir\Debug\srotm.obj
C:\Users\mochangming\Documents\Visual Studio 2010\Projects\shockwave\shockwave\gsl\build\gslcblas.dir\Debug\srotmg.obj
C:\Users\mochangming\Documents\Visual Studio 2010\Projects\shockwave\shockwave\gsl\build\gslcblas.dir\Debug\ssbmv.obj
C:\Users\mochangming\Documents\Visual Studio 2010\Projects\shockwave\shockwave\gsl\build\gslcblas.dir\Debug\sscal.obj
C:\Users\mochangming\Documents\Visual Studio 2010\Projects\shockwave\shockwave\gsl\build\gslcblas.dir\Debug\sspmv.obj
C:\Users\mochangming\Documents\Visual Studio 2010\Projects\shockwave\shockwave\gsl\build\gslcblas.dir\Debug\sspr.obj
C:\Users\mochangming\Documents\Visual Studio 2010\Projects\shockwave\shockwave\gsl\build\gslcblas.dir\Debug\sspr2.obj
C:\Users\mochangming\Documents\Visual Studio 2010\Projects\shockwave\shockwave\gsl\build\gslcblas.dir\Debug\sswap.obj
C:\Users\mochangming\Documents\Visual Studio 2010\Projects\shockwave\shockwave\gsl\build\gslcblas.dir\Debug\ssymm.obj
C:\Users\mochangming\Documents\Visual Studio 2010\Projects\shockwave\shockwave\gsl\build\gslcblas.dir\Debug\ssymv.obj
C:\Users\mochangming\Documents\Visual Studio 2010\Projects\shockwave\shockwave\gsl\build\gslcblas.dir\Debug\ssyr.obj
C:\Users\mochangming\Documents\Visual Studio 2010\Projects\shockwave\shockwave\gsl\build\gslcblas.dir\Debug\ssyr2.obj
C:\Users\mochangming\Documents\Visual Studio 2010\Projects\shockwave\shockwave\gsl\build\gslcblas.dir\Debug\ssyr2k.obj
C:\Users\mochangming\Documents\Visual Studio 2010\Projects\shockwave\shockwave\gsl\build\gslcblas.dir\Debug\ssyrk.obj
C:\Users\mochangming\Documents\Visual Studio 2010\Projects\shockwave\shockwave\gsl\build\gslcblas.dir\Debug\stbmv.obj
C:\Users\mochangming\Documents\Visual Studio 2010\Projects\shockwave\shockwave\gsl\build\gslcblas.dir\Debug\stbsv.obj
C:\Users\mochangming\Documents\Visual Studio 2010\Projects\shockwave\shockwave\gsl\build\gslcblas.dir\Debug\stpmv.obj
C:\Users\mochangming\Documents\Visual Studio 2010\Projects\shockwave\shockwave\gsl\build\gslcblas.dir\Debug\stpsv.obj
C:\Users\mochangming\Documents\Visual Studio 2010\Projects\shockwave\shockwave\gsl\build\gslcblas.dir\Debug\strmm.obj
C:\Users\mochangming\Documents\Visual Studio 2010\Projects\shockwave\shockwave\gsl\build\gslcblas.dir\Debug\strmv.obj
C:\Users\mochangming\Documents\Visual Studio 2010\Projects\shockwave\shockwave\gsl\build\gslcblas.dir\Debug\strsm.obj
C:\Users\mochangming\Documents\Visual Studio 2010\Projects\shockwave\shockwave\gsl\build\gslcblas.dir\Debug\strsv.obj
C:\USERS\MOCHANGMING\DOCUMENTS\VISUAL STUDIO 2010\PROJECTS\SHOCKWAVE\SHOCKWAVE\GSL\BUILD\GSLCBLAS.DIR\DEBUG\VC100.PDB
C:\Users\mochangming\Documents\Visual Studio 2010\Projects\shockwave\shockwave\gsl\build\gslcblas.dir\Debug\xerbla.obj
C:\Users\mochangming\Documents\Visual Studio 2010\Projects\shockwave\shockwave\gsl\build\gslcblas.dir\Debug\zaxpy.obj
C:\Users\mochangming\Documents\Visual Studio 2010\Projects\shockwave\shockwave\gsl\build\gslcblas.dir\Debug\zcopy.obj
C:\Users\mochangming\Documents\Visual Studio 2010\Projects\shockwave\shockwave\gsl\build\gslcblas.dir\Debug\zdotc_sub.obj
C:\Users\mochangming\Documents\Visual Studio 2010\Projects\shockwave\shockwave\gsl\build\gslcblas.dir\Debug\zdotu_sub.obj
C:\Users\mochangming\Documents\Visual Studio 2010\Projects\shockwave\shockwave\gsl\build\gslcblas.dir\Debug\zdscal.obj
C:\Users\mochangming\Documents\Visual Studio 2010\Projects\shockwave\shockwave\gsl\build\gslcblas.dir\Debug\zgbmv.obj
C:\Users\mochangming\Documents\Visual Studio 2010\Projects\shockwave\shockwave\gsl\build\gslcblas.dir\Debug\zgemm.obj
C:\Users\mochangming\Documents\Visual Studio 2010\Projects\shockwave\shockwave\gsl\build\gslcblas.dir\Debug\zgemv.obj
C:\Users\mochangming\Documents\Visual Studio 2010\Projects\shockwave\shockwave\gsl\build\gslcblas.dir\Debug\zgerc.obj
C:\Users\mochangming\Documents\Visual Studio 2010\Projects\shockwave\shockwave\gsl\build\gslcblas.dir\Debug\zgeru.obj
C:\Users\mochangming\Documents\Visual Studio 2010\Projects\shockwave\shockwave\gsl\build\gslcblas.dir\Debug\zhbmv.obj
C:\Users\mochangming\Documents\Visual Studio 2010\Projects\shockwave\shockwave\gsl\build\gslcblas.dir\Debug\zhemm.obj
C:\Users\mochangming\Documents\Visual Studio 2010\Projects\shockwave\shockwave\gsl\build\gslcblas.dir\Debug\zhemv.obj
C:\Users\mochangming\Documents\Visual Studio 2010\Projects\shockwave\shockwave\gsl\build\gslcblas.dir\Debug\zher.obj
C:\Users\mochangming\Documents\Visual Studio 2010\Projects\shockwave\shockwave\gsl\build\gslcblas.dir\Debug\zher2.obj
C:\Users\mochangming\Documents\Visual Studio 2010\Projects\shockwave\shockwave\gsl\build\gslcblas.dir\Debug\zher2k.obj
C:\Users\mochangming\Documents\Visual Studio 2010\Projects\shockwave\shockwave\gsl\build\gslcblas.dir\Debug\zherk.obj
C:\Users\mochangming\Documents\Visual Studio 2010\Projects\shockwave\shockwave\gsl\build\gslcblas.dir\Debug\zhpmv.obj
C:\Users\mochangming\Documents\Visual Studio 2010\Projects\shockwave\shockwave\gsl\build\gslcblas.dir\Debug\zhpr.obj
C:\Users\mochangming\Documents\Visual Studio 2010\Projects\shockwave\shockwave\gsl\build\gslcblas.dir\Debug\zhpr2.obj
C:\Users\mochangming\Documents\Visual Studio 2010\Projects\shockwave\shockwave\gsl\build\gslcblas.dir\Debug\zscal.obj
C:\Users\mochangming\Documents\Visual Studio 2010\Projects\shockwave\shockwave\gsl\build\gslcblas.dir\Debug\zswap.obj
C:\Users\mochangming\Documents\Visual Studio 2010\Projects\shockwave\shockwave\gsl\build\gslcblas.dir\Debug\zsymm.obj
C:\Users\mochangming\Documents\Visual Studio 2010\Projects\shockwave\shockwave\gsl\build\gslcblas.dir\Debug\zsyr2k.obj
C:\Users\mochangming\Documents\Visual Studio 2010\Projects\shockwave\shockwave\gsl\build\gslcblas.dir\Debug\zsyrk.obj
C:\Users\mochangming\Documents\Visual Studio 2010\Projects\shockwave\shockwave\gsl\build\gslcblas.dir\Debug\ztbmv.obj
C:\Users\mochangming\Documents\Visual Studio 2010\Projects\shockwave\shockwave\gsl\build\gslcblas.dir\Debug\ztbsv.obj
C:\Users\mochangming\Documents\Visual Studio 2010\Projects\shockwave\shockwave\gsl\build\gslcblas.dir\Debug\ztpmv.obj
C:\Users\mochangming\Documents\Visual Studio 2010\Projects\shockwave\shockwave\gsl\build\gslcblas.dir\Debug\ztpsv.obj
C:\Users\mochangming\Documents\Visual Studio 2010\Projects\shockwave\shockwave\gsl\build\gslcblas.dir\Debug\ztrmm.obj
C:\Users\mochangming\Documents\Visual Studio 2010\Projects\shockwave\shockwave\gsl\build\gslcblas.dir\Debug\ztrmv.obj
C:\Users\mochangming\Documents\Visual Studio 2010\Projects\shockwave\shockwave\gsl\build\gslcblas.dir\Debug\ztrsm.obj
C:\Users\mochangming\Documents\Visual Studio 2010\Projects\shockwave\shockwave\gsl\build\gslcblas.dir\Debug\ztrsv.obj
C:\USERS\MOCHANGMING\GSL\BUILD\CMAKEFILES\GENERATE.STAMP
