生成启动时间为 2023/8/14 19:12:21。
     1>项目“C:\Users\mochangming\Desktop\New folder\shockwave\shockwave\gsl\build\gslcblas.vcxproj”在节点 3 上(build 个目标)。
     1>InitializeBuildStatus:
         正在创建“gslcblas.dir\Release\gslcblas.unsuccessfulbuild”，因为已指定“AlwaysCreate”。
       CustomBuild:
         Building Custom Rule C:/Users/mochangming/gsl/CMakeLists.txt
         CMake does not need to re-run because C:\Users\mochangming\gsl\build\CMakeFiles\generate.stamp is up-to-date.
       ClCompile:
         c:\Program Files (x86)\Microsoft Visual Studio 10.0\VC\bin\CL.exe /c /I"C:\Users\mochangming\Desktop\New folder\shockwave\shockwave\gsl\build\\" /I"C:\Users\mochangming\Desktop\New folder\shockwave\shockwave\gsl\build\..\\" /nologo /W3 /WX- /MP /O2 /Ob2 /Oy- /D WIN32 /D _WINDOWS /D NDEBUG /D HAVE_CONFIG_H /D _CRT_SECURE_NO_WARNINGS /D "CMAKE_INTDIR=\"Release\"" /D _MBCS /Gm- /MD /GS /fp:precise /Zc:wchar_t /Zc:forScope /Fo"gslcblas.dir\Release\\" /Fd"gslcblas.dir\Release\vc100.pdb" /Gd /TC /wd4018 /wd4028 /wd4056 /wd4101 /wd4244 /wd4267 /wd4334 /wd4477 /wd4700 /wd4723 /wd4756 /wd4996 /analyze- /errorReport:prompt ..\cblas\sasum.c ..\cblas\saxpy.c ..\cblas\scasum.c ..\cblas\scnrm2.c ..\cblas\scopy.c ..\cblas\sdot.c ..\cblas\sdsdot.c ..\cblas\sgbmv.c ..\cblas\sgemm.c ..\cblas\sgemv.c ..\cblas\sger.c ..\cblas\snrm2.c ..\cblas\srot.c ..\cblas\srotg.c ..\cblas\srotm.c ..\cblas\srotmg.c ..\cblas\ssbmv.c ..\cblas\sscal.c ..\cblas\sspmv.c ..\cblas\sspr.c ..\cblas\sspr2.c ..\cblas\sswap.c ..\cblas\ssymm.c ..\cblas\ssymv.c ..\cblas\ssyr.c ..\cblas\ssyr2.c ..\cblas\ssyr2k.c ..\cblas\ssyrk.c ..\cblas\stbmv.c ..\cblas\stbsv.c ..\cblas\stpmv.c ..\cblas\stpsv.c ..\cblas\strmm.c ..\cblas\strmv.c ..\cblas\strsm.c ..\cblas\strsv.c ..\cblas\dasum.c ..\cblas\daxpy.c ..\cblas\dcopy.c ..\cblas\ddot.c ..\cblas\dgbmv.c ..\cblas\dgemm.c ..\cblas\dgemv.c ..\cblas\dger.c ..\cblas\dnrm2.c ..\cblas\drot.c ..\cblas\drotg.c ..\cblas\drotm.c ..\cblas\drotmg.c ..\cblas\dsbmv.c ..\cblas\dscal.c ..\cblas\dsdot.c ..\cblas\dspmv.c ..\cblas\dspr.c ..\cblas\dspr2.c ..\cblas\dswap.c ..\cblas\dsymm.c ..\cblas\dsymv.c ..\cblas\dsyr.c ..\cblas\dsyr2.c ..\cblas\dsyr2k.c ..\cblas\dsyrk.c ..\cblas\dtbmv.c ..\cblas\dtbsv.c ..\cblas\dtpmv.c ..\cblas\dtpsv.c ..\cblas\dtrmm.c ..\cblas\dtrmv.c ..\cblas\dtrsm.c ..\cblas\dtrsv.c ..\cblas\dzasum.c ..\cblas\dznrm2.c ..\cblas\caxpy.c ..\cblas\ccopy.c ..\cblas\cdotc_sub.c ..\cblas\cdotu_sub.c ..\cblas\cgbmv.c ..\cblas\cgemm.c ..\cblas\cgemv.c ..\cblas\cgerc.c ..\cblas\cgeru.c ..\cblas\chbmv.c ..\cblas\chemm.c ..\cblas\chemv.c ..\cblas\cher.c ..\cblas\cher2.c ..\cblas\cher2k.c ..\cblas\cherk.c ..\cblas\chpmv.c ..\cblas\chpr.c ..\cblas\chpr2.c ..\cblas\cscal.c ..\cblas\csscal.c ..\cblas\cswap.c ..\cblas\csymm.c ..\cblas\csyr2k.c ..\cblas\csyrk.c ..\cblas\ctbmv.c ..\cblas\ctbsv.c ..\cblas\ctpmv.c ..\cblas\ctpsv.c ..\cblas\ctrmm.c ..\cblas\ctrmv.c ..\cblas\ctrsm.c ..\cblas\ctrsv.c ..\cblas\zaxpy.c ..\cblas\zcopy.c ..\cblas\zdotc_sub.c ..\cblas\zdotu_sub.c ..\cblas\zdscal.c ..\cblas\zgbmv.c ..\cblas\zgemm.c ..\cblas\zgemv.c ..\cblas\zgerc.c ..\cblas\zgeru.c ..\cblas\zhbmv.c ..\cblas\zhemm.c ..\cblas\zhemv.c ..\cblas\zher.c ..\cblas\zher2.c ..\cblas\zher2k.c ..\cblas\zherk.c ..\cblas\zhpmv.c ..\cblas\zhpr.c ..\cblas\zhpr2.c ..\cblas\zscal.c ..\cblas\zswap.c ..\cblas\zsymm.c ..\cblas\zsyr2k.c ..\cblas\zsyrk.c ..\cblas\ztbmv.c ..\cblas\ztbsv.c ..\cblas\ztpmv.c ..\cblas\ztpsv.c ..\cblas\ztrmm.c ..\cblas\ztrmv.c ..\cblas\ztrsm.c ..\cblas\ztrsv.c ..\cblas\icamax.c ..\cblas\idamax.c ..\cblas\isamax.c ..\cblas\izamax.c ..\cblas\xerbla.c
         sasum.c
         saxpy.c
         scasum.c
         scnrm2.c
         scopy.c
         sdot.c
         sdsdot.c
         sgbmv.c
         sgemm.c
         sgemv.c
         sger.c
         snrm2.c
         srot.c
         srotg.c
         srotm.c
         srotmg.c
         ssbmv.c
         sscal.c
         sspmv.c
         sspr.c
         sspr2.c
         sswap.c
         ssymm.c
         ssymv.c
         ssyr.c
         ssyr2.c
         ssyr2k.c
         ssyrk.c
         stbmv.c
         stbsv.c
         stpmv.c
         stpsv.c
         strmm.c
         strmv.c
         strsm.c
         strsv.c
         dasum.c
         daxpy.c
         dcopy.c
         ddot.c
         dgbmv.c
         dgemm.c
         dgemv.c
         dger.c
         dnrm2.c
         drot.c
         drotg.c
         drotm.c
         drotmg.c
         dsbmv.c
         dscal.c
         dsdot.c
         dspmv.c
         dspr.c
         dspr2.c
         dswap.c
         dsymm.c
         dsymv.c
         dsyr.c
         dsyr2.c
         dsyr2k.c
         dsyrk.c
         dtbmv.c
         dtbsv.c
         dtpmv.c
         dtpsv.c
         dtrmm.c
         dtrmv.c
         dtrsm.c
         dtrsv.c
         dzasum.c
         dznrm2.c
         caxpy.c
         ccopy.c
         cdotc_sub.c
         cdotu_sub.c
         cgbmv.c
         cgemm.c
         cgemv.c
         cgerc.c
         cgeru.c
         chbmv.c
         chemm.c
         chemv.c
         cher.c
         cher2.c
         cher2k.c
         cherk.c
         chpmv.c
         chpr.c
         chpr2.c
         cscal.c
         csscal.c
         cswap.c
         csymm.c
         csyr2k.c
         csyrk.c
         ctbmv.c
         ctbsv.c
         ctpmv.c
         ctpsv.c
         ctrmm.c
         ctrmv.c
         ctrsm.c
         ctrsv.c
         zaxpy.c
         zcopy.c
         zdotc_sub.c
         zdotu_sub.c
         zdscal.c
         zgbmv.c
         zgemm.c
         zgemv.c
         zgerc.c
         zgeru.c
         zhbmv.c
         zhemm.c
         zhemv.c
         zher.c
         zher2.c
         zher2k.c
         zherk.c
         zhpmv.c
         zhpr.c
         zhpr2.c
         zscal.c
         zswap.c
         zsymm.c
         zsyr2k.c
         zsyrk.c
         ztbmv.c
         ztbsv.c
         ztpmv.c
         ztpsv.c
         ztrmm.c
         ztrmv.c
         ztrsm.c
         ztrsv.c
         icamax.c
         idamax.c
         isamax.c
         izamax.c
         xerbla.c
     1>项目“C:\Users\mochangming\Desktop\New folder\shockwave\shockwave\gsl\build\gslcblas.vcxproj”(1)正在节点 2 上生成“C:\Users\mochangming\gsl\build\ZERO_CHECK.vcxproj”(2:3) (GetResolvedLinkLibs 个目标)。
     2>PrepareForBuild:
         正在创建目录“C:\Users\mochangming\Desktop\New folder\shockwave\Debug\”。
     2>已完成生成项目“C:\Users\mochangming\gsl\build\ZERO_CHECK.vcxproj”(GetResolvedLinkLibs 个目标)的操作。
     1>Lib:
         c:\Program Files (x86)\Microsoft Visual Studio 10.0\VC\bin\Lib.exe /OUT:"C:\Users\mochangming\Desktop\New folder\shockwave\shockwave\gsl\build\Release\gslcblas.lib" /NOLOGO gslcblas.dir\Release\sasum.obj
         gslcblas.dir\Release\saxpy.obj
         gslcblas.dir\Release\scasum.obj
         gslcblas.dir\Release\scnrm2.obj
         gslcblas.dir\Release\scopy.obj
         gslcblas.dir\Release\sdot.obj
         gslcblas.dir\Release\sdsdot.obj
         gslcblas.dir\Release\sgbmv.obj
         gslcblas.dir\Release\sgemm.obj
         gslcblas.dir\Release\sgemv.obj
         gslcblas.dir\Release\sger.obj
         gslcblas.dir\Release\snrm2.obj
         gslcblas.dir\Release\srot.obj
         gslcblas.dir\Release\srotg.obj
         gslcblas.dir\Release\srotm.obj
         gslcblas.dir\Release\srotmg.obj
         gslcblas.dir\Release\ssbmv.obj
         gslcblas.dir\Release\sscal.obj
         gslcblas.dir\Release\sspmv.obj
         gslcblas.dir\Release\sspr.obj
         gslcblas.dir\Release\sspr2.obj
         gslcblas.dir\Release\sswap.obj
         gslcblas.dir\Release\ssymm.obj
         gslcblas.dir\Release\ssymv.obj
         gslcblas.dir\Release\ssyr.obj
         gslcblas.dir\Release\ssyr2.obj
         gslcblas.dir\Release\ssyr2k.obj
         gslcblas.dir\Release\ssyrk.obj
         gslcblas.dir\Release\stbmv.obj
         gslcblas.dir\Release\stbsv.obj
         gslcblas.dir\Release\stpmv.obj
         gslcblas.dir\Release\stpsv.obj
         gslcblas.dir\Release\strmm.obj
         gslcblas.dir\Release\strmv.obj
         gslcblas.dir\Release\strsm.obj
         gslcblas.dir\Release\strsv.obj
         gslcblas.dir\Release\dasum.obj
         gslcblas.dir\Release\daxpy.obj
         gslcblas.dir\Release\dcopy.obj
         gslcblas.dir\Release\ddot.obj
         gslcblas.dir\Release\dgbmv.obj
         gslcblas.dir\Release\dgemm.obj
         gslcblas.dir\Release\dgemv.obj
         gslcblas.dir\Release\dger.obj
         gslcblas.dir\Release\dnrm2.obj
         gslcblas.dir\Release\drot.obj
         gslcblas.dir\Release\drotg.obj
         gslcblas.dir\Release\drotm.obj
         gslcblas.dir\Release\drotmg.obj
         gslcblas.dir\Release\dsbmv.obj
         gslcblas.dir\Release\dscal.obj
         gslcblas.dir\Release\dsdot.obj
         gslcblas.dir\Release\dspmv.obj
         gslcblas.dir\Release\dspr.obj
         gslcblas.dir\Release\dspr2.obj
         gslcblas.dir\Release\dswap.obj
         gslcblas.dir\Release\dsymm.obj
         gslcblas.dir\Release\dsymv.obj
         gslcblas.dir\Release\dsyr.obj
         gslcblas.dir\Release\dsyr2.obj
         gslcblas.dir\Release\dsyr2k.obj
         gslcblas.dir\Release\dsyrk.obj
         gslcblas.dir\Release\dtbmv.obj
         gslcblas.dir\Release\dtbsv.obj
         gslcblas.dir\Release\dtpmv.obj
         gslcblas.dir\Release\dtpsv.obj
         gslcblas.dir\Release\dtrmm.obj
         gslcblas.dir\Release\dtrmv.obj
         gslcblas.dir\Release\dtrsm.obj
         gslcblas.dir\Release\dtrsv.obj
         gslcblas.dir\Release\dzasum.obj
         gslcblas.dir\Release\dznrm2.obj
         gslcblas.dir\Release\caxpy.obj
         gslcblas.dir\Release\ccopy.obj
         gslcblas.dir\Release\cdotc_sub.obj
         gslcblas.dir\Release\cdotu_sub.obj
         gslcblas.dir\Release\cgbmv.obj
         gslcblas.dir\Release\cgemm.obj
         gslcblas.dir\Release\cgemv.obj
         gslcblas.dir\Release\cgerc.obj
         gslcblas.dir\Release\cgeru.obj
         gslcblas.dir\Release\chbmv.obj
         gslcblas.dir\Release\chemm.obj
         gslcblas.dir\Release\chemv.obj
         gslcblas.dir\Release\cher.obj
         gslcblas.dir\Release\cher2.obj
         gslcblas.dir\Release\cher2k.obj
         gslcblas.dir\Release\cherk.obj
         gslcblas.dir\Release\chpmv.obj
         gslcblas.dir\Release\chpr.obj
         gslcblas.dir\Release\chpr2.obj
         gslcblas.dir\Release\cscal.obj
         gslcblas.dir\Release\csscal.obj
         gslcblas.dir\Release\cswap.obj
         gslcblas.dir\Release\csymm.obj
         gslcblas.dir\Release\csyr2k.obj
         gslcblas.dir\Release\csyrk.obj
         gslcblas.dir\Release\ctbmv.obj
         gslcblas.dir\Release\ctbsv.obj
         gslcblas.dir\Release\ctpmv.obj
         gslcblas.dir\Release\ctpsv.obj
         gslcblas.dir\Release\ctrmm.obj
         gslcblas.dir\Release\ctrmv.obj
         gslcblas.dir\Release\ctrsm.obj
         gslcblas.dir\Release\ctrsv.obj
         gslcblas.dir\Release\zaxpy.obj
         gslcblas.dir\Release\zcopy.obj
         gslcblas.dir\Release\zdotc_sub.obj
         gslcblas.dir\Release\zdotu_sub.obj
         gslcblas.dir\Release\zdscal.obj
         gslcblas.dir\Release\zgbmv.obj
         gslcblas.dir\Release\zgemm.obj
         gslcblas.dir\Release\zgemv.obj
         gslcblas.dir\Release\zgerc.obj
         gslcblas.dir\Release\zgeru.obj
         gslcblas.dir\Release\zhbmv.obj
         gslcblas.dir\Release\zhemm.obj
         gslcblas.dir\Release\zhemv.obj
         gslcblas.dir\Release\zher.obj
         gslcblas.dir\Release\zher2.obj
         gslcblas.dir\Release\zher2k.obj
         gslcblas.dir\Release\zherk.obj
         gslcblas.dir\Release\zhpmv.obj
         gslcblas.dir\Release\zhpr.obj
         gslcblas.dir\Release\zhpr2.obj
         gslcblas.dir\Release\zscal.obj
         gslcblas.dir\Release\zswap.obj
         gslcblas.dir\Release\zsymm.obj
         gslcblas.dir\Release\zsyr2k.obj
         gslcblas.dir\Release\zsyrk.obj
         gslcblas.dir\Release\ztbmv.obj
         gslcblas.dir\Release\ztbsv.obj
         gslcblas.dir\Release\ztpmv.obj
         gslcblas.dir\Release\ztpsv.obj
         gslcblas.dir\Release\ztrmm.obj
         gslcblas.dir\Release\ztrmv.obj
         gslcblas.dir\Release\ztrsm.obj
         gslcblas.dir\Release\ztrsv.obj
         gslcblas.dir\Release\icamax.obj
         gslcblas.dir\Release\idamax.obj
         gslcblas.dir\Release\isamax.obj
         gslcblas.dir\Release\izamax.obj
         gslcblas.dir\Release\xerbla.obj  /machine:X86 
         gslcblas.vcxproj -> C:\Users\mochangming\Desktop\New folder\shockwave\shockwave\gsl\build\Release\gslcblas.lib
       FinalizeBuildStatus:
         正在删除文件“gslcblas.dir\Release\gslcblas.unsuccessfulbuild”。
         正在对“gslcblas.dir\Release\gslcblas.lastbuildstate”执行 Touch 任务。
     1>已完成生成项目“C:\Users\mochangming\Desktop\New folder\shockwave\shockwave\gsl\build\gslcblas.vcxproj”(build 个目标)的操作。

生成成功。

已用时间 00:01:31.88
